{"C:\\Users\\loven\\Documents\\onboarding\\vite-project\\src\\assets\\images\\product-item-fallback.jpg": {"path":"C:\\Users\\loven\\Documents\\onboarding\\vite-project\\src\\assets\\images\\product-item-fallback.jpg","all":false,"statementMap":{"0":{"start":{"line":1,"column":0},"end":{"line":1,"column":351}},"1":{"start":{"line":2,"column":0},"end":{"line":2,"column":73}},"2":{"start":{"line":3,"column":0},"end":{"line":3,"column":0}},"3":{"start":{"line":4,"column":0},"end":{"line":4,"column":37}},"4":{"start":{"line":5,"column":0},"end":{"line":5,"column":52}},"5":{"start":{"line":6,"column":0},"end":{"line":6,"column":18}},"6":{"start":{"line":7,"column":0},"end":{"line":7,"column":17}},"7":{"start":{"line":8,"column":0},"end":{"line":8,"column":65}},"8":{"start":{"line":9,"column":0},"end":{"line":9,"column":18}},"9":{"start":{"line":10,"column":0},"end":{"line":10,"column":19}},"10":{"start":{"line":11,"column":0},"end":{"line":11,"column":26}},"11":{"start":{"line":12,"column":0},"end":{"line":12,"column":0}},"12":{"start":{"line":13,"column":0},"end":{"line":13,"column":37}},"13":{"start":{"line":14,"column":0},"end":{"line":14,"column":58}},"14":{"start":{"line":15,"column":0},"end":{"line":15,"column":20}},"15":{"start":{"line":16,"column":0},"end":{"line":16,"column":17}},"16":{"start":{"line":17,"column":0},"end":{"line":17,"column":41}},"17":{"start":{"line":18,"column":0},"end":{"line":18,"column":51}},"18":{"start":{"line":19,"column":0},"end":{"line":19,"column":73}},"19":{"start":{"line":20,"column":0},"end":{"line":20,"column":50}},"20":{"start":{"line":21,"column":0},"end":{"line":21,"column":46}},"21":{"start":{"line":22,"column":0},"end":{"line":22,"column":17}},"22":{"start":{"line":23,"column":0},"end":{"line":23,"column":18}},"23":{"start":{"line":24,"column":0},"end":{"line":24,"column":21}},"24":{"start":{"line":25,"column":0},"end":{"line":25,"column":26}},"25":{"start":{"line":26,"column":0},"end":{"line":26,"column":0}},"26":{"start":{"line":27,"column":0},"end":{"line":27,"column":37}},"27":{"start":{"line":28,"column":0},"end":{"line":28,"column":49}},"28":{"start":{"line":29,"column":0},"end":{"line":29,"column":52}},"29":{"start":{"line":30,"column":0},"end":{"line":30,"column":26}},"30":{"start":{"line":31,"column":0},"end":{"line":31,"column":0}},"31":{"start":{"line":32,"column":0},"end":{"line":32,"column":37}},"32":{"start":{"line":33,"column":0},"end":{"line":33,"column":49}},"33":{"start":{"line":34,"column":0},"end":{"line":34,"column":48}},"34":{"start":{"line":35,"column":0},"end":{"line":35,"column":26}},"35":{"start":{"line":36,"column":0},"end":{"line":36,"column":18}},"36":{"start":{"line":37,"column":0},"end":{"line":37,"column":39}},"37":{"start":{"line":38,"column":0},"end":{"line":38,"column":1}},"38":{"start":{"line":39,"column":0},"end":{"line":39,"column":0}},"39":{"start":{"line":40,"column":0},"end":{"line":40,"column":2}},"40":{"start":{"line":41,"column":0},"end":{"line":41,"column":51}},"41":{"start":{"line":42,"column":0},"end":{"line":42,"column":1}},"42":{"start":{"line":43,"column":0},"end":{"line":43,"column":1}},"43":{"start":{"line":44,"column":0},"end":{"line":44,"column":0}},"44":{"start":{"line":45,"column":0},"end":{"line":45,"column":105}},"45":{"start":{"line":46,"column":0},"end":{"line":46,"column":60}},"46":{"start":{"line":47,"column":0},"end":{"line":47,"column":154}},"47":{"start":{"line":48,"column":0},"end":{"line":48,"column":58}},"48":{"start":{"line":49,"column":0},"end":{"line":49,"column":597}},"49":{"start":{"line":50,"column":0},"end":{"line":50,"column":110}},"50":{"start":{"line":51,"column":0},"end":{"line":51,"column":221}},"51":{"start":{"line":52,"column":0},"end":{"line":52,"column":212}},"52":{"start":{"line":53,"column":0},"end":{"line":53,"column":870}},"53":{"start":{"line":54,"column":0},"end":{"line":54,"column":207}},"54":{"start":{"line":55,"column":0},"end":{"line":55,"column":3}},"55":{"start":{"line":56,"column":0},"end":{"line":56,"column":480}},"56":{"start":{"line":57,"column":0},"end":{"line":57,"column":266}}},"s":{"0":1,"1":1,"2":1,"3":1,"4":1,"5":1,"6":1,"7":1,"8":1,"9":1,"10":1,"11":1,"12":1,"13":1,"14":1,"15":1,"16":1,"17":1,"18":1,"19":1,"20":1,"21":1,"22":1,"23":1,"24":1,"25":1,"26":1,"27":1,"28":1,"29":1,"30":1,"31":1,"32":1,"33":1,"34":1,"35":1,"36":1,"37":1,"38":1,"39":1,"40":1,"41":1,"42":1,"43":1,"44":1,"45":1,"46":1,"47":1,"48":1,"49":1,"50":1,"51":1,"52":1,"53":1,"54":1,"55":1,"56":1},"branchMap":{"0":{"type":"branch","line":1,"loc":{"start":{"line":1,"column":0},"end":{"line":1,"column":24}},"locations":[{"start":{"line":1,"column":0},"end":{"line":1,"column":24}}]},"1":{"type":"branch","line":1,"loc":{"start":{"line":1,"column":0},"end":{"line":1,"column":21}},"locations":[{"start":{"line":1,"column":0},"end":{"line":1,"column":21}}]}},"b":{"0":[1],"1":[1]},"fnMap":{"0":{"name":"Object.<anonymous>","decl":{"start":{"line":1,"column":0},"end":{"line":1,"column":21}},"loc":{"start":{"line":1,"column":0},"end":{"line":1,"column":21}},"line":1}},"f":{"0":1}}
,"C:\\Users\\loven\\Documents\\onboarding\\vite-project\\src\\assets\\images\\bg\\auth-bg.webp": {"path":"C:\\Users\\loven\\Documents\\onboarding\\vite-project\\src\\assets\\images\\bg\\auth-bg.webp","all":false,"statementMap":{"0":{"start":{"line":1,"column":0},"end":{"line":1,"column":313}},"1":{"start":{"line":2,"column":0},"end":{"line":2,"column":281}},"2":{"start":{"line":3,"column":0},"end":{"line":3,"column":113}},"3":{"start":{"line":4,"column":0},"end":{"line":4,"column":666}},"4":{"start":{"line":5,"column":0},"end":{"line":5,"column":132}},"5":{"start":{"line":6,"column":0},"end":{"line":6,"column":280}},"6":{"start":{"line":7,"column":0},"end":{"line":7,"column":966}},"7":{"start":{"line":8,"column":0},"end":{"line":8,"column":98}},"8":{"start":{"line":9,"column":0},"end":{"line":9,"column":516}},"9":{"start":{"line":10,"column":0},"end":{"line":10,"column":409}},"10":{"start":{"line":11,"column":0},"end":{"line":11,"column":33}},"11":{"start":{"line":12,"column":0},"end":{"line":12,"column":37}},"12":{"start":{"line":13,"column":0},"end":{"line":13,"column":159}},"13":{"start":{"line":14,"column":0},"end":{"line":14,"column":460}},"14":{"start":{"line":15,"column":0},"end":{"line":15,"column":69}},"15":{"start":{"line":16,"column":0},"end":{"line":16,"column":265}},"16":{"start":{"line":17,"column":0},"end":{"line":17,"column":240}},"17":{"start":{"line":18,"column":0},"end":{"line":18,"column":129}},"18":{"start":{"line":19,"column":0},"end":{"line":19,"column":237}},"19":{"start":{"line":20,"column":0},"end":{"line":20,"column":375}},"20":{"start":{"line":21,"column":0},"end":{"line":21,"column":25}},"21":{"start":{"line":22,"column":0},"end":{"line":22,"column":77}},"22":{"start":{"line":23,"column":0},"end":{"line":23,"column":193}},"23":{"start":{"line":24,"column":0},"end":{"line":24,"column":88}},"24":{"start":{"line":25,"column":0},"end":{"line":25,"column":325}},"25":{"start":{"line":26,"column":0},"end":{"line":26,"column":597}},"26":{"start":{"line":27,"column":0},"end":{"line":27,"column":299}},"27":{"start":{"line":28,"column":0},"end":{"line":28,"column":66}},"28":{"start":{"line":29,"column":0},"end":{"line":29,"column":218}},"29":{"start":{"line":30,"column":0},"end":{"line":30,"column":527}},"30":{"start":{"line":31,"column":0},"end":{"line":31,"column":16}},"31":{"start":{"line":32,"column":0},"end":{"line":32,"column":101}},"32":{"start":{"line":33,"column":0},"end":{"line":33,"column":79}},"33":{"start":{"line":34,"column":0},"end":{"line":34,"column":141}},"34":{"start":{"line":35,"column":0},"end":{"line":35,"column":146}},"35":{"start":{"line":36,"column":0},"end":{"line":36,"column":550}},"36":{"start":{"line":37,"column":0},"end":{"line":37,"column":841}},"37":{"start":{"line":38,"column":0},"end":{"line":38,"column":56}},"38":{"start":{"line":39,"column":0},"end":{"line":39,"column":88}},"39":{"start":{"line":40,"column":0},"end":{"line":40,"column":192}},"40":{"start":{"line":41,"column":0},"end":{"line":41,"column":70}},"41":{"start":{"line":42,"column":0},"end":{"line":42,"column":25}},"42":{"start":{"line":43,"column":0},"end":{"line":43,"column":267}},"43":{"start":{"line":44,"column":0},"end":{"line":44,"column":24}},"44":{"start":{"line":45,"column":0},"end":{"line":45,"column":96}},"45":{"start":{"line":46,"column":0},"end":{"line":46,"column":40}},"46":{"start":{"line":47,"column":0},"end":{"line":47,"column":348}},"47":{"start":{"line":48,"column":0},"end":{"line":48,"column":445}},"48":{"start":{"line":49,"column":0},"end":{"line":49,"column":186}},"49":{"start":{"line":50,"column":0},"end":{"line":50,"column":0}},"50":{"start":{"line":51,"column":0},"end":{"line":51,"column":307}},"51":{"start":{"line":52,"column":0},"end":{"line":52,"column":249}},"52":{"start":{"line":53,"column":0},"end":{"line":53,"column":77}},"53":{"start":{"line":54,"column":0},"end":{"line":54,"column":165}},"54":{"start":{"line":55,"column":0},"end":{"line":55,"column":381}},"55":{"start":{"line":56,"column":0},"end":{"line":56,"column":108}},"56":{"start":{"line":57,"column":0},"end":{"line":57,"column":524}},"57":{"start":{"line":58,"column":0},"end":{"line":58,"column":469}},"58":{"start":{"line":59,"column":0},"end":{"line":59,"column":77}},"59":{"start":{"line":60,"column":0},"end":{"line":60,"column":541}},"60":{"start":{"line":61,"column":0},"end":{"line":61,"column":234}},"61":{"start":{"line":62,"column":0},"end":{"line":62,"column":129}},"62":{"start":{"line":63,"column":0},"end":{"line":63,"column":31}},"63":{"start":{"line":64,"column":0},"end":{"line":64,"column":388}},"64":{"start":{"line":65,"column":0},"end":{"line":65,"column":48}},"65":{"start":{"line":66,"column":0},"end":{"line":66,"column":47}},"66":{"start":{"line":67,"column":0},"end":{"line":67,"column":388}},"67":{"start":{"line":68,"column":0},"end":{"line":68,"column":477}},"68":{"start":{"line":69,"column":0},"end":{"line":69,"column":116}},"69":{"start":{"line":70,"column":0},"end":{"line":70,"column":248}},"70":{"start":{"line":71,"column":0},"end":{"line":71,"column":12}},"71":{"start":{"line":72,"column":0},"end":{"line":72,"column":403}},"72":{"start":{"line":73,"column":0},"end":{"line":73,"column":88}},"73":{"start":{"line":74,"column":0},"end":{"line":74,"column":540}},"74":{"start":{"line":75,"column":0},"end":{"line":75,"column":475}},"75":{"start":{"line":76,"column":0},"end":{"line":76,"column":149}},"76":{"start":{"line":77,"column":0},"end":{"line":77,"column":208}},"77":{"start":{"line":78,"column":0},"end":{"line":78,"column":386}},"78":{"start":{"line":79,"column":0},"end":{"line":79,"column":187}},"79":{"start":{"line":80,"column":0},"end":{"line":80,"column":238}},"80":{"start":{"line":81,"column":0},"end":{"line":81,"column":261}},"81":{"start":{"line":82,"column":0},"end":{"line":82,"column":811}},"82":{"start":{"line":83,"column":0},"end":{"line":83,"column":82}},"83":{"start":{"line":84,"column":0},"end":{"line":84,"column":386}},"84":{"start":{"line":85,"column":0},"end":{"line":85,"column":197}},"85":{"start":{"line":86,"column":0},"end":{"line":86,"column":131}},"86":{"start":{"line":87,"column":0},"end":{"line":87,"column":41}},"87":{"start":{"line":88,"column":0},"end":{"line":88,"column":116}},"88":{"start":{"line":89,"column":0},"end":{"line":89,"column":1297}},"89":{"start":{"line":90,"column":0},"end":{"line":90,"column":56}},"90":{"start":{"line":91,"column":0},"end":{"line":91,"column":172}},"91":{"start":{"line":92,"column":0},"end":{"line":92,"column":93}},"92":{"start":{"line":93,"column":0},"end":{"line":93,"column":392}},"93":{"start":{"line":94,"column":0},"end":{"line":94,"column":258}},"94":{"start":{"line":95,"column":0},"end":{"line":95,"column":72}},"95":{"start":{"line":96,"column":0},"end":{"line":96,"column":378}},"96":{"start":{"line":97,"column":0},"end":{"line":97,"column":6}},"97":{"start":{"line":98,"column":0},"end":{"line":98,"column":534}},"98":{"start":{"line":99,"column":0},"end":{"line":99,"column":108}},"99":{"start":{"line":100,"column":0},"end":{"line":100,"column":136}},"100":{"start":{"line":101,"column":0},"end":{"line":101,"column":104}},"101":{"start":{"line":102,"column":0},"end":{"line":102,"column":108}},"102":{"start":{"line":103,"column":0},"end":{"line":103,"column":402}},"103":{"start":{"line":104,"column":0},"end":{"line":104,"column":390}},"104":{"start":{"line":105,"column":0},"end":{"line":105,"column":145}},"105":{"start":{"line":106,"column":0},"end":{"line":106,"column":147}},"106":{"start":{"line":107,"column":0},"end":{"line":107,"column":162}},"107":{"start":{"line":108,"column":0},"end":{"line":108,"column":105}},"108":{"start":{"line":109,"column":0},"end":{"line":109,"column":257}},"109":{"start":{"line":110,"column":0},"end":{"line":110,"column":246}},"110":{"start":{"line":111,"column":0},"end":{"line":111,"column":137}},"111":{"start":{"line":112,"column":0},"end":{"line":112,"column":463}},"112":{"start":{"line":113,"column":0},"end":{"line":113,"column":113}},"113":{"start":{"line":114,"column":0},"end":{"line":114,"column":144}},"114":{"start":{"line":115,"column":0},"end":{"line":115,"column":167}},"115":{"start":{"line":116,"column":0},"end":{"line":116,"column":153}},"116":{"start":{"line":117,"column":0},"end":{"line":117,"column":212}},"117":{"start":{"line":118,"column":0},"end":{"line":118,"column":17}},"118":{"start":{"line":119,"column":0},"end":{"line":119,"column":47}},"119":{"start":{"line":120,"column":0},"end":{"line":120,"column":21}},"120":{"start":{"line":121,"column":0},"end":{"line":121,"column":310}},"121":{"start":{"line":122,"column":0},"end":{"line":122,"column":232}},"122":{"start":{"line":123,"column":0},"end":{"line":123,"column":149}},"123":{"start":{"line":124,"column":0},"end":{"line":124,"column":53}},"124":{"start":{"line":125,"column":0},"end":{"line":125,"column":133}},"125":{"start":{"line":126,"column":0},"end":{"line":126,"column":310}},"126":{"start":{"line":127,"column":0},"end":{"line":127,"column":67}},"127":{"start":{"line":128,"column":0},"end":{"line":128,"column":214}},"128":{"start":{"line":129,"column":0},"end":{"line":129,"column":137}},"129":{"start":{"line":130,"column":0},"end":{"line":130,"column":136}},"130":{"start":{"line":131,"column":0},"end":{"line":131,"column":50}},"131":{"start":{"line":132,"column":0},"end":{"line":132,"column":153}},"132":{"start":{"line":133,"column":0},"end":{"line":133,"column":6}},"133":{"start":{"line":134,"column":0},"end":{"line":134,"column":119}},"134":{"start":{"line":135,"column":0},"end":{"line":135,"column":125}},"135":{"start":{"line":136,"column":0},"end":{"line":136,"column":366}},"136":{"start":{"line":137,"column":0},"end":{"line":137,"column":54}},"137":{"start":{"line":138,"column":0},"end":{"line":138,"column":304}},"138":{"start":{"line":139,"column":0},"end":{"line":139,"column":55}},"139":{"start":{"line":140,"column":0},"end":{"line":140,"column":163}},"140":{"start":{"line":141,"column":0},"end":{"line":141,"column":28}},"141":{"start":{"line":142,"column":0},"end":{"line":142,"column":54}},"142":{"start":{"line":143,"column":0},"end":{"line":143,"column":496}},"143":{"start":{"line":144,"column":0},"end":{"line":144,"column":114}},"144":{"start":{"line":145,"column":0},"end":{"line":145,"column":200}},"145":{"start":{"line":146,"column":0},"end":{"line":146,"column":312}},"146":{"start":{"line":147,"column":0},"end":{"line":147,"column":157}},"147":{"start":{"line":148,"column":0},"end":{"line":148,"column":274}},"148":{"start":{"line":149,"column":0},"end":{"line":149,"column":88}},"149":{"start":{"line":150,"column":0},"end":{"line":150,"column":121}},"150":{"start":{"line":151,"column":0},"end":{"line":151,"column":158}},"151":{"start":{"line":152,"column":0},"end":{"line":152,"column":121}},"152":{"start":{"line":153,"column":0},"end":{"line":153,"column":219}},"153":{"start":{"line":154,"column":0},"end":{"line":154,"column":230}},"154":{"start":{"line":155,"column":0},"end":{"line":155,"column":121}},"155":{"start":{"line":156,"column":0},"end":{"line":156,"column":515}},"156":{"start":{"line":157,"column":0},"end":{"line":157,"column":446}},"157":{"start":{"line":158,"column":0},"end":{"line":158,"column":18}},"158":{"start":{"line":159,"column":0},"end":{"line":159,"column":515}},"159":{"start":{"line":160,"column":0},"end":{"line":160,"column":429}},"160":{"start":{"line":161,"column":0},"end":{"line":161,"column":1384}},"161":{"start":{"line":162,"column":0},"end":{"line":162,"column":282}},"162":{"start":{"line":163,"column":0},"end":{"line":163,"column":178}},"163":{"start":{"line":164,"column":0},"end":{"line":164,"column":5}},"164":{"start":{"line":165,"column":0},"end":{"line":165,"column":109}},"165":{"start":{"line":166,"column":0},"end":{"line":166,"column":32}},"166":{"start":{"line":167,"column":0},"end":{"line":167,"column":102}},"167":{"start":{"line":168,"column":0},"end":{"line":168,"column":17}},"168":{"start":{"line":169,"column":0},"end":{"line":169,"column":484}},"169":{"start":{"line":170,"column":0},"end":{"line":170,"column":240}},"170":{"start":{"line":171,"column":0},"end":{"line":171,"column":869}},"171":{"start":{"line":172,"column":0},"end":{"line":172,"column":179}},"172":{"start":{"line":173,"column":0},"end":{"line":173,"column":237}},"173":{"start":{"line":174,"column":0},"end":{"line":174,"column":400}},"174":{"start":{"line":175,"column":0},"end":{"line":175,"column":75}},"175":{"start":{"line":176,"column":0},"end":{"line":176,"column":262}},"176":{"start":{"line":177,"column":0},"end":{"line":177,"column":86}},"177":{"start":{"line":178,"column":0},"end":{"line":178,"column":429}},"178":{"start":{"line":179,"column":0},"end":{"line":179,"column":20}},"179":{"start":{"line":180,"column":0},"end":{"line":180,"column":217}},"180":{"start":{"line":181,"column":0},"end":{"line":181,"column":122}},"181":{"start":{"line":182,"column":0},"end":{"line":182,"column":123}},"182":{"start":{"line":183,"column":0},"end":{"line":183,"column":233}},"183":{"start":{"line":184,"column":0},"end":{"line":184,"column":221}},"184":{"start":{"line":185,"column":0},"end":{"line":185,"column":244}},"185":{"start":{"line":186,"column":0},"end":{"line":186,"column":94}},"186":{"start":{"line":187,"column":0},"end":{"line":187,"column":331}},"187":{"start":{"line":188,"column":0},"end":{"line":188,"column":157}},"188":{"start":{"line":189,"column":0},"end":{"line":189,"column":157}},"189":{"start":{"line":190,"column":0},"end":{"line":190,"column":570}},"190":{"start":{"line":191,"column":0},"end":{"line":191,"column":48}},"191":{"start":{"line":192,"column":0},"end":{"line":192,"column":155}},"192":{"start":{"line":193,"column":0},"end":{"line":193,"column":463}},"193":{"start":{"line":194,"column":0},"end":{"line":194,"column":154}},"194":{"start":{"line":195,"column":0},"end":{"line":195,"column":173}},"195":{"start":{"line":196,"column":0},"end":{"line":196,"column":45}},"196":{"start":{"line":197,"column":0},"end":{"line":197,"column":69}},"197":{"start":{"line":198,"column":0},"end":{"line":198,"column":329}},"198":{"start":{"line":199,"column":0},"end":{"line":199,"column":343}},"199":{"start":{"line":200,"column":0},"end":{"line":200,"column":244}},"200":{"start":{"line":201,"column":0},"end":{"line":201,"column":508}},"201":{"start":{"line":202,"column":0},"end":{"line":202,"column":145}},"202":{"start":{"line":203,"column":0},"end":{"line":203,"column":346}},"203":{"start":{"line":204,"column":0},"end":{"line":204,"column":360}},"204":{"start":{"line":205,"column":0},"end":{"line":205,"column":61}},"205":{"start":{"line":206,"column":0},"end":{"line":206,"column":170}},"206":{"start":{"line":207,"column":0},"end":{"line":207,"column":152}},"207":{"start":{"line":208,"column":0},"end":{"line":208,"column":452}},"208":{"start":{"line":209,"column":0},"end":{"line":209,"column":252}},"209":{"start":{"line":210,"column":0},"end":{"line":210,"column":200}},"210":{"start":{"line":211,"column":0},"end":{"line":211,"column":126}},"211":{"start":{"line":212,"column":0},"end":{"line":212,"column":515}},"212":{"start":{"line":213,"column":0},"end":{"line":213,"column":1218}},"213":{"start":{"line":214,"column":0},"end":{"line":214,"column":439}},"214":{"start":{"line":215,"column":0},"end":{"line":215,"column":641}},"215":{"start":{"line":216,"column":0},"end":{"line":216,"column":119}},"216":{"start":{"line":217,"column":0},"end":{"line":217,"column":356}},"217":{"start":{"line":218,"column":0},"end":{"line":218,"column":191}},"218":{"start":{"line":219,"column":0},"end":{"line":219,"column":164}},"219":{"start":{"line":220,"column":0},"end":{"line":220,"column":359}},"220":{"start":{"line":221,"column":0},"end":{"line":221,"column":343}},"221":{"start":{"line":222,"column":0},"end":{"line":222,"column":381}},"222":{"start":{"line":223,"column":0},"end":{"line":223,"column":501}},"223":{"start":{"line":224,"column":0},"end":{"line":224,"column":204}},"224":{"start":{"line":225,"column":0},"end":{"line":225,"column":281}},"225":{"start":{"line":226,"column":0},"end":{"line":226,"column":158}},"226":{"start":{"line":227,"column":0},"end":{"line":227,"column":291}},"227":{"start":{"line":228,"column":0},"end":{"line":228,"column":959}},"228":{"start":{"line":229,"column":0},"end":{"line":229,"column":745}},"229":{"start":{"line":230,"column":0},"end":{"line":230,"column":9}},"230":{"start":{"line":231,"column":0},"end":{"line":231,"column":570}},"231":{"start":{"line":232,"column":0},"end":{"line":232,"column":20}},"232":{"start":{"line":233,"column":0},"end":{"line":233,"column":522}},"233":{"start":{"line":234,"column":0},"end":{"line":234,"column":12}},"234":{"start":{"line":235,"column":0},"end":{"line":235,"column":371}},"235":{"start":{"line":236,"column":0},"end":{"line":236,"column":81}},"236":{"start":{"line":237,"column":0},"end":{"line":237,"column":240}},"237":{"start":{"line":238,"column":0},"end":{"line":238,"column":155}},"238":{"start":{"line":239,"column":0},"end":{"line":239,"column":89}},"239":{"start":{"line":240,"column":0},"end":{"line":240,"column":73}},"240":{"start":{"line":241,"column":0},"end":{"line":241,"column":302}},"241":{"start":{"line":242,"column":0},"end":{"line":242,"column":153}},"242":{"start":{"line":243,"column":0},"end":{"line":243,"column":200}},"243":{"start":{"line":244,"column":0},"end":{"line":244,"column":443}},"244":{"start":{"line":245,"column":0},"end":{"line":245,"column":112}},"245":{"start":{"line":246,"column":0},"end":{"line":246,"column":110}},"246":{"start":{"line":247,"column":0},"end":{"line":247,"column":45}},"247":{"start":{"line":248,"column":0},"end":{"line":248,"column":2}},"248":{"start":{"line":249,"column":0},"end":{"line":249,"column":31}},"249":{"start":{"line":250,"column":0},"end":{"line":250,"column":170}},"250":{"start":{"line":251,"column":0},"end":{"line":251,"column":229}},"251":{"start":{"line":252,"column":0},"end":{"line":252,"column":741}},"252":{"start":{"line":253,"column":0},"end":{"line":253,"column":81}},"253":{"start":{"line":254,"column":0},"end":{"line":254,"column":35}},"254":{"start":{"line":255,"column":0},"end":{"line":255,"column":209}},"255":{"start":{"line":256,"column":0},"end":{"line":256,"column":620}},"256":{"start":{"line":257,"column":0},"end":{"line":257,"column":304}},"257":{"start":{"line":258,"column":0},"end":{"line":258,"column":39}},"258":{"start":{"line":259,"column":0},"end":{"line":259,"column":145}},"259":{"start":{"line":260,"column":0},"end":{"line":260,"column":166}},"260":{"start":{"line":261,"column":0},"end":{"line":261,"column":378}},"261":{"start":{"line":262,"column":0},"end":{"line":262,"column":84}},"262":{"start":{"line":263,"column":0},"end":{"line":263,"column":388}},"263":{"start":{"line":264,"column":0},"end":{"line":264,"column":87}},"264":{"start":{"line":265,"column":0},"end":{"line":265,"column":33}},"265":{"start":{"line":266,"column":0},"end":{"line":266,"column":61}},"266":{"start":{"line":267,"column":0},"end":{"line":267,"column":435}},"267":{"start":{"line":268,"column":0},"end":{"line":268,"column":117}},"268":{"start":{"line":269,"column":0},"end":{"line":269,"column":2}},"269":{"start":{"line":270,"column":0},"end":{"line":270,"column":147}},"270":{"start":{"line":271,"column":0},"end":{"line":271,"column":37}},"271":{"start":{"line":272,"column":0},"end":{"line":272,"column":11}},"272":{"start":{"line":273,"column":0},"end":{"line":273,"column":337}},"273":{"start":{"line":274,"column":0},"end":{"line":274,"column":113}},"274":{"start":{"line":275,"column":0},"end":{"line":275,"column":245}},"275":{"start":{"line":276,"column":0},"end":{"line":276,"column":292}},"276":{"start":{"line":277,"column":0},"end":{"line":277,"column":32}},"277":{"start":{"line":278,"column":0},"end":{"line":278,"column":2}},"278":{"start":{"line":279,"column":0},"end":{"line":279,"column":724}},"279":{"start":{"line":280,"column":0},"end":{"line":280,"column":449}},"280":{"start":{"line":281,"column":0},"end":{"line":281,"column":259}},"281":{"start":{"line":282,"column":0},"end":{"line":282,"column":71}},"282":{"start":{"line":283,"column":0},"end":{"line":283,"column":139}},"283":{"start":{"line":284,"column":0},"end":{"line":284,"column":402}},"284":{"start":{"line":285,"column":0},"end":{"line":285,"column":162}},"285":{"start":{"line":286,"column":0},"end":{"line":286,"column":15}},"286":{"start":{"line":287,"column":0},"end":{"line":287,"column":342}},"287":{"start":{"line":288,"column":0},"end":{"line":288,"column":32}},"288":{"start":{"line":289,"column":0},"end":{"line":289,"column":42}},"289":{"start":{"line":290,"column":0},"end":{"line":290,"column":73}},"290":{"start":{"line":291,"column":0},"end":{"line":291,"column":279}},"291":{"start":{"line":292,"column":0},"end":{"line":292,"column":148}},"292":{"start":{"line":293,"column":0},"end":{"line":293,"column":139}},"293":{"start":{"line":294,"column":0},"end":{"line":294,"column":166}},"294":{"start":{"line":295,"column":0},"end":{"line":295,"column":50}},"295":{"start":{"line":296,"column":0},"end":{"line":296,"column":224}},"296":{"start":{"line":297,"column":0},"end":{"line":297,"column":103}},"297":{"start":{"line":298,"column":0},"end":{"line":298,"column":635}},"298":{"start":{"line":299,"column":0},"end":{"line":299,"column":443}},"299":{"start":{"line":300,"column":0},"end":{"line":300,"column":207}},"300":{"start":{"line":301,"column":0},"end":{"line":301,"column":604}},"301":{"start":{"line":302,"column":0},"end":{"line":302,"column":133}},"302":{"start":{"line":303,"column":0},"end":{"line":303,"column":187}},"303":{"start":{"line":304,"column":0},"end":{"line":304,"column":199}},"304":{"start":{"line":305,"column":0},"end":{"line":305,"column":66}},"305":{"start":{"line":306,"column":0},"end":{"line":306,"column":16}},"306":{"start":{"line":307,"column":0},"end":{"line":307,"column":29}},"307":{"start":{"line":308,"column":0},"end":{"line":308,"column":342}},"308":{"start":{"line":309,"column":0},"end":{"line":309,"column":345}},"309":{"start":{"line":310,"column":0},"end":{"line":310,"column":186}},"310":{"start":{"line":311,"column":0},"end":{"line":311,"column":111}},"311":{"start":{"line":312,"column":0},"end":{"line":312,"column":396}},"312":{"start":{"line":313,"column":0},"end":{"line":313,"column":29}},"313":{"start":{"line":314,"column":0},"end":{"line":314,"column":139}},"314":{"start":{"line":315,"column":0},"end":{"line":315,"column":153}},"315":{"start":{"line":316,"column":0},"end":{"line":316,"column":501}},"316":{"start":{"line":317,"column":0},"end":{"line":317,"column":329}},"317":{"start":{"line":318,"column":0},"end":{"line":318,"column":94}},"318":{"start":{"line":319,"column":0},"end":{"line":319,"column":251}},"319":{"start":{"line":320,"column":0},"end":{"line":320,"column":360}},"320":{"start":{"line":321,"column":0},"end":{"line":321,"column":272}},"321":{"start":{"line":322,"column":0},"end":{"line":322,"column":1145}},"322":{"start":{"line":323,"column":0},"end":{"line":323,"column":113}},"323":{"start":{"line":324,"column":0},"end":{"line":324,"column":105}},"324":{"start":{"line":325,"column":0},"end":{"line":325,"column":63}},"325":{"start":{"line":326,"column":0},"end":{"line":326,"column":164}},"326":{"start":{"line":327,"column":0},"end":{"line":327,"column":431}},"327":{"start":{"line":328,"column":0},"end":{"line":328,"column":215}},"328":{"start":{"line":329,"column":0},"end":{"line":329,"column":397}},"329":{"start":{"line":330,"column":0},"end":{"line":330,"column":1}},"330":{"start":{"line":331,"column":0},"end":{"line":331,"column":334}},"331":{"start":{"line":332,"column":0},"end":{"line":332,"column":116}},"332":{"start":{"line":333,"column":0},"end":{"line":333,"column":0}},"333":{"start":{"line":334,"column":0},"end":{"line":334,"column":143}},"334":{"start":{"line":335,"column":0},"end":{"line":335,"column":22}},"335":{"start":{"line":336,"column":0},"end":{"line":336,"column":438}},"336":{"start":{"line":337,"column":0},"end":{"line":337,"column":130}},"337":{"start":{"line":338,"column":0},"end":{"line":338,"column":22}},"338":{"start":{"line":339,"column":0},"end":{"line":339,"column":45}},"339":{"start":{"line":340,"column":0},"end":{"line":340,"column":329}},"340":{"start":{"line":341,"column":0},"end":{"line":341,"column":303}},"341":{"start":{"line":342,"column":0},"end":{"line":342,"column":346}},"342":{"start":{"line":343,"column":0},"end":{"line":343,"column":107}},"343":{"start":{"line":344,"column":0},"end":{"line":344,"column":159}},"344":{"start":{"line":345,"column":0},"end":{"line":345,"column":279}},"345":{"start":{"line":346,"column":0},"end":{"line":346,"column":38}},"346":{"start":{"line":347,"column":0},"end":{"line":347,"column":178}},"347":{"start":{"line":348,"column":0},"end":{"line":348,"column":141}},"348":{"start":{"line":349,"column":0},"end":{"line":349,"column":18}},"349":{"start":{"line":350,"column":0},"end":{"line":350,"column":397}},"350":{"start":{"line":351,"column":0},"end":{"line":351,"column":382}},"351":{"start":{"line":352,"column":0},"end":{"line":352,"column":87}},"352":{"start":{"line":353,"column":0},"end":{"line":353,"column":84}},"353":{"start":{"line":354,"column":0},"end":{"line":354,"column":1294}},"354":{"start":{"line":355,"column":0},"end":{"line":355,"column":55}},"355":{"start":{"line":356,"column":0},"end":{"line":356,"column":142}},"356":{"start":{"line":357,"column":0},"end":{"line":357,"column":166}},"357":{"start":{"line":358,"column":0},"end":{"line":358,"column":144}},"358":{"start":{"line":359,"column":0},"end":{"line":359,"column":368}},"359":{"start":{"line":360,"column":0},"end":{"line":360,"column":284}},"360":{"start":{"line":361,"column":0},"end":{"line":361,"column":908}},"361":{"start":{"line":362,"column":0},"end":{"line":362,"column":121}},"362":{"start":{"line":363,"column":0},"end":{"line":363,"column":145}},"363":{"start":{"line":364,"column":0},"end":{"line":364,"column":104}},"364":{"start":{"line":365,"column":0},"end":{"line":365,"column":73}},"365":{"start":{"line":366,"column":0},"end":{"line":366,"column":1603}},"366":{"start":{"line":367,"column":0},"end":{"line":367,"column":81}},"367":{"start":{"line":368,"column":0},"end":{"line":368,"column":1363}},"368":{"start":{"line":369,"column":0},"end":{"line":369,"column":167}},"369":{"start":{"line":370,"column":0},"end":{"line":370,"column":194}},"370":{"start":{"line":371,"column":0},"end":{"line":371,"column":157}},"371":{"start":{"line":372,"column":0},"end":{"line":372,"column":486}},"372":{"start":{"line":373,"column":0},"end":{"line":373,"column":737}},"373":{"start":{"line":374,"column":0},"end":{"line":374,"column":41}},"374":{"start":{"line":375,"column":0},"end":{"line":375,"column":610}},"375":{"start":{"line":376,"column":0},"end":{"line":376,"column":267}},"376":{"start":{"line":377,"column":0},"end":{"line":377,"column":180}},"377":{"start":{"line":378,"column":0},"end":{"line":378,"column":370}},"378":{"start":{"line":379,"column":0},"end":{"line":379,"column":4}},"379":{"start":{"line":380,"column":0},"end":{"line":380,"column":237}},"380":{"start":{"line":381,"column":0},"end":{"line":381,"column":129}},"381":{"start":{"line":382,"column":0},"end":{"line":382,"column":132}},"382":{"start":{"line":383,"column":0},"end":{"line":383,"column":287}},"383":{"start":{"line":384,"column":0},"end":{"line":384,"column":250}},"384":{"start":{"line":385,"column":0},"end":{"line":385,"column":86}},"385":{"start":{"line":386,"column":0},"end":{"line":386,"column":255}},"386":{"start":{"line":387,"column":0},"end":{"line":387,"column":244}},"387":{"start":{"line":388,"column":0},"end":{"line":388,"column":39}},"388":{"start":{"line":389,"column":0},"end":{"line":389,"column":320}},"389":{"start":{"line":390,"column":0},"end":{"line":390,"column":152}},"390":{"start":{"line":391,"column":0},"end":{"line":391,"column":352}},"391":{"start":{"line":392,"column":0},"end":{"line":392,"column":305}},"392":{"start":{"line":393,"column":0},"end":{"line":393,"column":116}},"393":{"start":{"line":394,"column":0},"end":{"line":394,"column":401}},"394":{"start":{"line":395,"column":0},"end":{"line":395,"column":1158}},"395":{"start":{"line":396,"column":0},"end":{"line":396,"column":394}},"396":{"start":{"line":397,"column":0},"end":{"line":397,"column":345}},"397":{"start":{"line":398,"column":0},"end":{"line":398,"column":42}},"398":{"start":{"line":399,"column":0},"end":{"line":399,"column":406}},"399":{"start":{"line":400,"column":0},"end":{"line":400,"column":325}},"400":{"start":{"line":401,"column":0},"end":{"line":401,"column":53}},"401":{"start":{"line":402,"column":0},"end":{"line":402,"column":18}},"402":{"start":{"line":403,"column":0},"end":{"line":403,"column":79}},"403":{"start":{"line":404,"column":0},"end":{"line":404,"column":461}},"404":{"start":{"line":405,"column":0},"end":{"line":405,"column":136}},"405":{"start":{"line":406,"column":0},"end":{"line":406,"column":216}},"406":{"start":{"line":407,"column":0},"end":{"line":407,"column":164}},"407":{"start":{"line":408,"column":0},"end":{"line":408,"column":131}},"408":{"start":{"line":409,"column":0},"end":{"line":409,"column":166}},"409":{"start":{"line":410,"column":0},"end":{"line":410,"column":180}},"410":{"start":{"line":411,"column":0},"end":{"line":411,"column":105}},"411":{"start":{"line":412,"column":0},"end":{"line":412,"column":8}},"412":{"start":{"line":413,"column":0},"end":{"line":413,"column":760}},"413":{"start":{"line":414,"column":0},"end":{"line":414,"column":323}},"414":{"start":{"line":415,"column":0},"end":{"line":415,"column":285}},"415":{"start":{"line":416,"column":0},"end":{"line":416,"column":62}},"416":{"start":{"line":417,"column":0},"end":{"line":417,"column":203}},"417":{"start":{"line":418,"column":0},"end":{"line":418,"column":38}},"418":{"start":{"line":419,"column":0},"end":{"line":419,"column":149}},"419":{"start":{"line":420,"column":0},"end":{"line":420,"column":40}},"420":{"start":{"line":421,"column":0},"end":{"line":421,"column":192}},"421":{"start":{"line":422,"column":0},"end":{"line":422,"column":46}},"422":{"start":{"line":423,"column":0},"end":{"line":423,"column":70}},"423":{"start":{"line":424,"column":0},"end":{"line":424,"column":356}},"424":{"start":{"line":425,"column":0},"end":{"line":425,"column":198}},"425":{"start":{"line":426,"column":0},"end":{"line":426,"column":131}},"426":{"start":{"line":427,"column":0},"end":{"line":427,"column":127}},"427":{"start":{"line":428,"column":0},"end":{"line":428,"column":21}},"428":{"start":{"line":429,"column":0},"end":{"line":429,"column":141}},"429":{"start":{"line":430,"column":0},"end":{"line":430,"column":669}},"430":{"start":{"line":431,"column":0},"end":{"line":431,"column":208}},"431":{"start":{"line":432,"column":0},"end":{"line":432,"column":143}},"432":{"start":{"line":433,"column":0},"end":{"line":433,"column":197}},"433":{"start":{"line":434,"column":0},"end":{"line":434,"column":69}},"434":{"start":{"line":435,"column":0},"end":{"line":435,"column":228}},"435":{"start":{"line":436,"column":0},"end":{"line":436,"column":75}},"436":{"start":{"line":437,"column":0},"end":{"line":437,"column":573}},"437":{"start":{"line":438,"column":0},"end":{"line":438,"column":489}},"438":{"start":{"line":439,"column":0},"end":{"line":439,"column":17}},"439":{"start":{"line":440,"column":0},"end":{"line":440,"column":162}},"440":{"start":{"line":441,"column":0},"end":{"line":441,"column":171}},"441":{"start":{"line":442,"column":0},"end":{"line":442,"column":424}},"442":{"start":{"line":443,"column":0},"end":{"line":443,"column":714}},"443":{"start":{"line":444,"column":0},"end":{"line":444,"column":278}},"444":{"start":{"line":445,"column":0},"end":{"line":445,"column":473}},"445":{"start":{"line":446,"column":0},"end":{"line":446,"column":94}},"446":{"start":{"line":447,"column":0},"end":{"line":447,"column":588}},"447":{"start":{"line":448,"column":0},"end":{"line":448,"column":252}},"448":{"start":{"line":449,"column":0},"end":{"line":449,"column":134}},"449":{"start":{"line":450,"column":0},"end":{"line":450,"column":133}},"450":{"start":{"line":451,"column":0},"end":{"line":451,"column":380}},"451":{"start":{"line":452,"column":0},"end":{"line":452,"column":531}},"452":{"start":{"line":453,"column":0},"end":{"line":453,"column":25}},"453":{"start":{"line":454,"column":0},"end":{"line":454,"column":417}},"454":{"start":{"line":455,"column":0},"end":{"line":455,"column":542}},"455":{"start":{"line":456,"column":0},"end":{"line":456,"column":343}},"456":{"start":{"line":457,"column":0},"end":{"line":457,"column":493}},"457":{"start":{"line":458,"column":0},"end":{"line":458,"column":47}},"458":{"start":{"line":459,"column":0},"end":{"line":459,"column":647}},"459":{"start":{"line":460,"column":0},"end":{"line":460,"column":284}},"460":{"start":{"line":461,"column":0},"end":{"line":461,"column":460}},"461":{"start":{"line":462,"column":0},"end":{"line":462,"column":428}},"462":{"start":{"line":463,"column":0},"end":{"line":463,"column":132}},"463":{"start":{"line":464,"column":0},"end":{"line":464,"column":387}},"464":{"start":{"line":465,"column":0},"end":{"line":465,"column":43}},"465":{"start":{"line":466,"column":0},"end":{"line":466,"column":164}},"466":{"start":{"line":467,"column":0},"end":{"line":467,"column":210}},"467":{"start":{"line":468,"column":0},"end":{"line":468,"column":929}},"468":{"start":{"line":469,"column":0},"end":{"line":469,"column":49}},"469":{"start":{"line":470,"column":0},"end":{"line":470,"column":148}},"470":{"start":{"line":471,"column":0},"end":{"line":471,"column":182}},"471":{"start":{"line":472,"column":0},"end":{"line":472,"column":41}},"472":{"start":{"line":473,"column":0},"end":{"line":473,"column":219}},"473":{"start":{"line":474,"column":0},"end":{"line":474,"column":381}},"474":{"start":{"line":475,"column":0},"end":{"line":475,"column":195}},"475":{"start":{"line":476,"column":0},"end":{"line":476,"column":313}},"476":{"start":{"line":477,"column":0},"end":{"line":477,"column":318}},"477":{"start":{"line":478,"column":0},"end":{"line":478,"column":351}},"478":{"start":{"line":479,"column":0},"end":{"line":479,"column":1034}},"479":{"start":{"line":480,"column":0},"end":{"line":480,"column":72}},"480":{"start":{"line":481,"column":0},"end":{"line":481,"column":11}},"481":{"start":{"line":482,"column":0},"end":{"line":482,"column":40}},"482":{"start":{"line":483,"column":0},"end":{"line":483,"column":68}},"483":{"start":{"line":484,"column":0},"end":{"line":484,"column":455}},"484":{"start":{"line":485,"column":0},"end":{"line":485,"column":140}},"485":{"start":{"line":486,"column":0},"end":{"line":486,"column":226}},"486":{"start":{"line":487,"column":0},"end":{"line":487,"column":212}},"487":{"start":{"line":488,"column":0},"end":{"line":488,"column":43}},"488":{"start":{"line":489,"column":0},"end":{"line":489,"column":381}},"489":{"start":{"line":490,"column":0},"end":{"line":490,"column":50}},"490":{"start":{"line":491,"column":0},"end":{"line":491,"column":247}},"491":{"start":{"line":492,"column":0},"end":{"line":492,"column":217}},"492":{"start":{"line":493,"column":0},"end":{"line":493,"column":167}},"493":{"start":{"line":494,"column":0},"end":{"line":494,"column":347}},"494":{"start":{"line":495,"column":0},"end":{"line":495,"column":426}},"495":{"start":{"line":496,"column":0},"end":{"line":496,"column":105}},"496":{"start":{"line":497,"column":0},"end":{"line":497,"column":16}},"497":{"start":{"line":498,"column":0},"end":{"line":498,"column":488}},"498":{"start":{"line":499,"column":0},"end":{"line":499,"column":400}},"499":{"start":{"line":500,"column":0},"end":{"line":500,"column":24}},"500":{"start":{"line":501,"column":0},"end":{"line":501,"column":1279}},"501":{"start":{"line":502,"column":0},"end":{"line":502,"column":327}},"502":{"start":{"line":503,"column":0},"end":{"line":503,"column":242}},"503":{"start":{"line":504,"column":0},"end":{"line":504,"column":52}},"504":{"start":{"line":505,"column":0},"end":{"line":505,"column":99}},"505":{"start":{"line":506,"column":0},"end":{"line":506,"column":325}},"506":{"start":{"line":507,"column":0},"end":{"line":507,"column":184}},"507":{"start":{"line":508,"column":0},"end":{"line":508,"column":131}},"508":{"start":{"line":509,"column":0},"end":{"line":509,"column":21}},"509":{"start":{"line":510,"column":0},"end":{"line":510,"column":45}},"510":{"start":{"line":511,"column":0},"end":{"line":511,"column":130}},"511":{"start":{"line":512,"column":0},"end":{"line":512,"column":153}},"512":{"start":{"line":513,"column":0},"end":{"line":513,"column":731}},"513":{"start":{"line":514,"column":0},"end":{"line":514,"column":583}},"514":{"start":{"line":515,"column":0},"end":{"line":515,"column":548}},"515":{"start":{"line":516,"column":0},"end":{"line":516,"column":122}},"516":{"start":{"line":517,"column":0},"end":{"line":517,"column":34}},"517":{"start":{"line":518,"column":0},"end":{"line":518,"column":229}},"518":{"start":{"line":519,"column":0},"end":{"line":519,"column":152}},"519":{"start":{"line":520,"column":0},"end":{"line":520,"column":207}},"520":{"start":{"line":521,"column":0},"end":{"line":521,"column":1}},"521":{"start":{"line":522,"column":0},"end":{"line":522,"column":449}},"522":{"start":{"line":523,"column":0},"end":{"line":523,"column":73}},"523":{"start":{"line":524,"column":0},"end":{"line":524,"column":702}},"524":{"start":{"line":525,"column":0},"end":{"line":525,"column":44}},"525":{"start":{"line":526,"column":0},"end":{"line":526,"column":224}},"526":{"start":{"line":527,"column":0},"end":{"line":527,"column":169}},"527":{"start":{"line":528,"column":0},"end":{"line":528,"column":74}},"528":{"start":{"line":529,"column":0},"end":{"line":529,"column":256}},"529":{"start":{"line":530,"column":0},"end":{"line":530,"column":419}},"530":{"start":{"line":531,"column":0},"end":{"line":531,"column":16}},"531":{"start":{"line":532,"column":0},"end":{"line":532,"column":13}},"532":{"start":{"line":533,"column":0},"end":{"line":533,"column":167}},"533":{"start":{"line":534,"column":0},"end":{"line":534,"column":94}},"534":{"start":{"line":535,"column":0},"end":{"line":535,"column":249}},"535":{"start":{"line":536,"column":0},"end":{"line":536,"column":285}},"536":{"start":{"line":537,"column":0},"end":{"line":537,"column":371}},"537":{"start":{"line":538,"column":0},"end":{"line":538,"column":38}},"538":{"start":{"line":539,"column":0},"end":{"line":539,"column":383}},"539":{"start":{"line":540,"column":0},"end":{"line":540,"column":502}},"540":{"start":{"line":541,"column":0},"end":{"line":541,"column":81}},"541":{"start":{"line":542,"column":0},"end":{"line":542,"column":238}},"542":{"start":{"line":543,"column":0},"end":{"line":543,"column":141}},"543":{"start":{"line":544,"column":0},"end":{"line":544,"column":581}},"544":{"start":{"line":545,"column":0},"end":{"line":545,"column":306}},"545":{"start":{"line":546,"column":0},"end":{"line":546,"column":126}},"546":{"start":{"line":547,"column":0},"end":{"line":547,"column":145}},"547":{"start":{"line":548,"column":0},"end":{"line":548,"column":74}},"548":{"start":{"line":549,"column":0},"end":{"line":549,"column":289}},"549":{"start":{"line":550,"column":0},"end":{"line":550,"column":122}},"550":{"start":{"line":551,"column":0},"end":{"line":551,"column":492}},"551":{"start":{"line":552,"column":0},"end":{"line":552,"column":493}},"552":{"start":{"line":553,"column":0},"end":{"line":553,"column":19}},"553":{"start":{"line":554,"column":0},"end":{"line":554,"column":385}},"554":{"start":{"line":555,"column":0},"end":{"line":555,"column":26}},"555":{"start":{"line":556,"column":0},"end":{"line":556,"column":283}},"556":{"start":{"line":557,"column":0},"end":{"line":557,"column":521}},"557":{"start":{"line":558,"column":0},"end":{"line":558,"column":999}},"558":{"start":{"line":559,"column":0},"end":{"line":559,"column":127}},"559":{"start":{"line":560,"column":0},"end":{"line":560,"column":77}},"560":{"start":{"line":561,"column":0},"end":{"line":561,"column":198}},"561":{"start":{"line":562,"column":0},"end":{"line":562,"column":295}},"562":{"start":{"line":563,"column":0},"end":{"line":563,"column":104}},"563":{"start":{"line":564,"column":0},"end":{"line":564,"column":463}},"564":{"start":{"line":565,"column":0},"end":{"line":565,"column":377}},"565":{"start":{"line":566,"column":0},"end":{"line":566,"column":448}},"566":{"start":{"line":567,"column":0},"end":{"line":567,"column":21}},"567":{"start":{"line":568,"column":0},"end":{"line":568,"column":0}},"568":{"start":{"line":569,"column":0},"end":{"line":569,"column":56}},"569":{"start":{"line":570,"column":0},"end":{"line":570,"column":391}},"570":{"start":{"line":571,"column":0},"end":{"line":571,"column":366}},"571":{"start":{"line":572,"column":0},"end":{"line":572,"column":490}},"572":{"start":{"line":573,"column":0},"end":{"line":573,"column":96}},"573":{"start":{"line":574,"column":0},"end":{"line":574,"column":154}},"574":{"start":{"line":575,"column":0},"end":{"line":575,"column":119}},"575":{"start":{"line":576,"column":0},"end":{"line":576,"column":134}},"576":{"start":{"line":577,"column":0},"end":{"line":577,"column":7}},"577":{"start":{"line":578,"column":0},"end":{"line":578,"column":428}},"578":{"start":{"line":579,"column":0},"end":{"line":579,"column":192}},"579":{"start":{"line":580,"column":0},"end":{"line":580,"column":29}},"580":{"start":{"line":581,"column":0},"end":{"line":581,"column":79}},"581":{"start":{"line":582,"column":0},"end":{"line":582,"column":199}},"582":{"start":{"line":583,"column":0},"end":{"line":583,"column":32}},"583":{"start":{"line":584,"column":0},"end":{"line":584,"column":724}},"584":{"start":{"line":585,"column":0},"end":{"line":585,"column":244}},"585":{"start":{"line":586,"column":0},"end":{"line":586,"column":148}},"586":{"start":{"line":587,"column":0},"end":{"line":587,"column":719}},"587":{"start":{"line":588,"column":0},"end":{"line":588,"column":32}},"588":{"start":{"line":589,"column":0},"end":{"line":589,"column":295}},"589":{"start":{"line":590,"column":0},"end":{"line":590,"column":269}},"590":{"start":{"line":591,"column":0},"end":{"line":591,"column":907}},"591":{"start":{"line":592,"column":0},"end":{"line":592,"column":26}},"592":{"start":{"line":593,"column":0},"end":{"line":593,"column":136}},"593":{"start":{"line":594,"column":0},"end":{"line":594,"column":232}},"594":{"start":{"line":595,"column":0},"end":{"line":595,"column":112}},"595":{"start":{"line":596,"column":0},"end":{"line":596,"column":388}},"596":{"start":{"line":597,"column":0},"end":{"line":597,"column":201}},"597":{"start":{"line":598,"column":0},"end":{"line":598,"column":48}},"598":{"start":{"line":599,"column":0},"end":{"line":599,"column":18}},"599":{"start":{"line":600,"column":0},"end":{"line":600,"column":298}},"600":{"start":{"line":601,"column":0},"end":{"line":601,"column":33}},"601":{"start":{"line":602,"column":0},"end":{"line":602,"column":197}},"602":{"start":{"line":603,"column":0},"end":{"line":603,"column":472}},"603":{"start":{"line":604,"column":0},"end":{"line":604,"column":1002}},"604":{"start":{"line":605,"column":0},"end":{"line":605,"column":403}},"605":{"start":{"line":606,"column":0},"end":{"line":606,"column":19}},"606":{"start":{"line":607,"column":0},"end":{"line":607,"column":332}},"607":{"start":{"line":608,"column":0},"end":{"line":608,"column":41}},"608":{"start":{"line":609,"column":0},"end":{"line":609,"column":1308}},"609":{"start":{"line":610,"column":0},"end":{"line":610,"column":34}},"610":{"start":{"line":611,"column":0},"end":{"line":611,"column":95}},"611":{"start":{"line":612,"column":0},"end":{"line":612,"column":774}},"612":{"start":{"line":613,"column":0},"end":{"line":613,"column":198}},"613":{"start":{"line":614,"column":0},"end":{"line":614,"column":1038}},"614":{"start":{"line":615,"column":0},"end":{"line":615,"column":460}},"615":{"start":{"line":616,"column":0},"end":{"line":616,"column":150}},"616":{"start":{"line":617,"column":0},"end":{"line":617,"column":422}},"617":{"start":{"line":618,"column":0},"end":{"line":618,"column":269}},"618":{"start":{"line":619,"column":0},"end":{"line":619,"column":108}},"619":{"start":{"line":620,"column":0},"end":{"line":620,"column":311}},"620":{"start":{"line":621,"column":0},"end":{"line":621,"column":355}},"621":{"start":{"line":622,"column":0},"end":{"line":622,"column":123}},"622":{"start":{"line":623,"column":0},"end":{"line":623,"column":562}},"623":{"start":{"line":624,"column":0},"end":{"line":624,"column":76}},"624":{"start":{"line":625,"column":0},"end":{"line":625,"column":39}},"625":{"start":{"line":626,"column":0},"end":{"line":626,"column":1}},"626":{"start":{"line":627,"column":0},"end":{"line":627,"column":7}},"627":{"start":{"line":628,"column":0},"end":{"line":628,"column":4}},"628":{"start":{"line":629,"column":0},"end":{"line":629,"column":342}},"629":{"start":{"line":630,"column":0},"end":{"line":630,"column":342}},"630":{"start":{"line":631,"column":0},"end":{"line":631,"column":298}},"631":{"start":{"line":632,"column":0},"end":{"line":632,"column":167}},"632":{"start":{"line":633,"column":0},"end":{"line":633,"column":60}},"633":{"start":{"line":634,"column":0},"end":{"line":634,"column":87}},"634":{"start":{"line":635,"column":0},"end":{"line":635,"column":635}},"635":{"start":{"line":636,"column":0},"end":{"line":636,"column":112}},"636":{"start":{"line":637,"column":0},"end":{"line":637,"column":455}},"637":{"start":{"line":638,"column":0},"end":{"line":638,"column":132}},"638":{"start":{"line":639,"column":0},"end":{"line":639,"column":330}},"639":{"start":{"line":640,"column":0},"end":{"line":640,"column":367}},"640":{"start":{"line":641,"column":0},"end":{"line":641,"column":458}},"641":{"start":{"line":642,"column":0},"end":{"line":642,"column":14}},"642":{"start":{"line":643,"column":0},"end":{"line":643,"column":245}},"643":{"start":{"line":644,"column":0},"end":{"line":644,"column":708}},"644":{"start":{"line":645,"column":0},"end":{"line":645,"column":40}},"645":{"start":{"line":646,"column":0},"end":{"line":646,"column":100}},"646":{"start":{"line":647,"column":0},"end":{"line":647,"column":1101}},"647":{"start":{"line":648,"column":0},"end":{"line":648,"column":9}},"648":{"start":{"line":649,"column":0},"end":{"line":649,"column":102}},"649":{"start":{"line":650,"column":0},"end":{"line":650,"column":35}},"650":{"start":{"line":651,"column":0},"end":{"line":651,"column":60}},"651":{"start":{"line":652,"column":0},"end":{"line":652,"column":1}},"652":{"start":{"line":653,"column":0},"end":{"line":653,"column":400}},"653":{"start":{"line":654,"column":0},"end":{"line":654,"column":160}},"654":{"start":{"line":655,"column":0},"end":{"line":655,"column":113}},"655":{"start":{"line":656,"column":0},"end":{"line":656,"column":705}},"656":{"start":{"line":657,"column":0},"end":{"line":657,"column":573}},"657":{"start":{"line":658,"column":0},"end":{"line":658,"column":152}},"658":{"start":{"line":659,"column":0},"end":{"line":659,"column":139}},"659":{"start":{"line":660,"column":0},"end":{"line":660,"column":72}},"660":{"start":{"line":661,"column":0},"end":{"line":661,"column":258}},"661":{"start":{"line":662,"column":0},"end":{"line":662,"column":56}},"662":{"start":{"line":663,"column":0},"end":{"line":663,"column":44}},"663":{"start":{"line":664,"column":0},"end":{"line":664,"column":144}},"664":{"start":{"line":665,"column":0},"end":{"line":665,"column":77}},"665":{"start":{"line":666,"column":0},"end":{"line":666,"column":155}},"666":{"start":{"line":667,"column":0},"end":{"line":667,"column":13}},"667":{"start":{"line":668,"column":0},"end":{"line":668,"column":618}},"668":{"start":{"line":669,"column":0},"end":{"line":669,"column":436}},"669":{"start":{"line":670,"column":0},"end":{"line":670,"column":540}},"670":{"start":{"line":671,"column":0},"end":{"line":671,"column":520}},"671":{"start":{"line":672,"column":0},"end":{"line":672,"column":159}},"672":{"start":{"line":673,"column":0},"end":{"line":673,"column":55}},"673":{"start":{"line":674,"column":0},"end":{"line":674,"column":149}},"674":{"start":{"line":675,"column":0},"end":{"line":675,"column":107}},"675":{"start":{"line":676,"column":0},"end":{"line":676,"column":54}},"676":{"start":{"line":677,"column":0},"end":{"line":677,"column":36}},"677":{"start":{"line":678,"column":0},"end":{"line":678,"column":103}},"678":{"start":{"line":679,"column":0},"end":{"line":679,"column":239}},"679":{"start":{"line":680,"column":0},"end":{"line":680,"column":55}},"680":{"start":{"line":681,"column":0},"end":{"line":681,"column":205}},"681":{"start":{"line":682,"column":0},"end":{"line":682,"column":174}},"682":{"start":{"line":683,"column":0},"end":{"line":683,"column":11}},"683":{"start":{"line":684,"column":0},"end":{"line":684,"column":233}},"684":{"start":{"line":685,"column":0},"end":{"line":685,"column":73}},"685":{"start":{"line":686,"column":0},"end":{"line":686,"column":165}},"686":{"start":{"line":687,"column":0},"end":{"line":687,"column":98}},"687":{"start":{"line":688,"column":0},"end":{"line":688,"column":69}},"688":{"start":{"line":689,"column":0},"end":{"line":689,"column":63}},"689":{"start":{"line":690,"column":0},"end":{"line":690,"column":25}},"690":{"start":{"line":691,"column":0},"end":{"line":691,"column":138}},"691":{"start":{"line":692,"column":0},"end":{"line":692,"column":375}},"692":{"start":{"line":693,"column":0},"end":{"line":693,"column":444}},"693":{"start":{"line":694,"column":0},"end":{"line":694,"column":119}},"694":{"start":{"line":695,"column":0},"end":{"line":695,"column":89}},"695":{"start":{"line":696,"column":0},"end":{"line":696,"column":21}},"696":{"start":{"line":697,"column":0},"end":{"line":697,"column":100}},"697":{"start":{"line":698,"column":0},"end":{"line":698,"column":559}},"698":{"start":{"line":699,"column":0},"end":{"line":699,"column":557}},"699":{"start":{"line":700,"column":0},"end":{"line":700,"column":272}},"700":{"start":{"line":701,"column":0},"end":{"line":701,"column":81}},"701":{"start":{"line":702,"column":0},"end":{"line":702,"column":278}},"702":{"start":{"line":703,"column":0},"end":{"line":703,"column":86}},"703":{"start":{"line":704,"column":0},"end":{"line":704,"column":159}},"704":{"start":{"line":705,"column":0},"end":{"line":705,"column":192}},"705":{"start":{"line":706,"column":0},"end":{"line":706,"column":96}},"706":{"start":{"line":707,"column":0},"end":{"line":707,"column":159}},"707":{"start":{"line":708,"column":0},"end":{"line":708,"column":318}},"708":{"start":{"line":709,"column":0},"end":{"line":709,"column":74}},"709":{"start":{"line":710,"column":0},"end":{"line":710,"column":197}},"710":{"start":{"line":711,"column":0},"end":{"line":711,"column":276}},"711":{"start":{"line":712,"column":0},"end":{"line":712,"column":657}},"712":{"start":{"line":713,"column":0},"end":{"line":713,"column":157}},"713":{"start":{"line":714,"column":0},"end":{"line":714,"column":138}},"714":{"start":{"line":715,"column":0},"end":{"line":715,"column":77}},"715":{"start":{"line":716,"column":0},"end":{"line":716,"column":123}},"716":{"start":{"line":717,"column":0},"end":{"line":717,"column":24}},"717":{"start":{"line":718,"column":0},"end":{"line":718,"column":315}},"718":{"start":{"line":719,"column":0},"end":{"line":719,"column":320}},"719":{"start":{"line":720,"column":0},"end":{"line":720,"column":37}},"720":{"start":{"line":721,"column":0},"end":{"line":721,"column":73}},"721":{"start":{"line":722,"column":0},"end":{"line":722,"column":271}},"722":{"start":{"line":723,"column":0},"end":{"line":723,"column":84}},"723":{"start":{"line":724,"column":0},"end":{"line":724,"column":14}},"724":{"start":{"line":725,"column":0},"end":{"line":725,"column":498}},"725":{"start":{"line":726,"column":0},"end":{"line":726,"column":8}},"726":{"start":{"line":727,"column":0},"end":{"line":727,"column":10}},"727":{"start":{"line":728,"column":0},"end":{"line":728,"column":15}},"728":{"start":{"line":729,"column":0},"end":{"line":729,"column":183}},"729":{"start":{"line":730,"column":0},"end":{"line":730,"column":140}},"730":{"start":{"line":731,"column":0},"end":{"line":731,"column":309}},"731":{"start":{"line":732,"column":0},"end":{"line":732,"column":128}},"732":{"start":{"line":733,"column":0},"end":{"line":733,"column":115}},"733":{"start":{"line":734,"column":0},"end":{"line":734,"column":51}},"734":{"start":{"line":735,"column":0},"end":{"line":735,"column":151}},"735":{"start":{"line":736,"column":0},"end":{"line":736,"column":194}},"736":{"start":{"line":737,"column":0},"end":{"line":737,"column":453}},"737":{"start":{"line":738,"column":0},"end":{"line":738,"column":117}},"738":{"start":{"line":739,"column":0},"end":{"line":739,"column":168}},"739":{"start":{"line":740,"column":0},"end":{"line":740,"column":5}},"740":{"start":{"line":741,"column":0},"end":{"line":741,"column":85}},"741":{"start":{"line":742,"column":0},"end":{"line":742,"column":14}},"742":{"start":{"line":743,"column":0},"end":{"line":743,"column":384}},"743":{"start":{"line":744,"column":0},"end":{"line":744,"column":383}},"744":{"start":{"line":745,"column":0},"end":{"line":745,"column":248}},"745":{"start":{"line":746,"column":0},"end":{"line":746,"column":113}},"746":{"start":{"line":747,"column":0},"end":{"line":747,"column":138}},"747":{"start":{"line":748,"column":0},"end":{"line":748,"column":206}},"748":{"start":{"line":749,"column":0},"end":{"line":749,"column":194}},"749":{"start":{"line":750,"column":0},"end":{"line":750,"column":282}},"750":{"start":{"line":751,"column":0},"end":{"line":751,"column":123}},"751":{"start":{"line":752,"column":0},"end":{"line":752,"column":531}},"752":{"start":{"line":753,"column":0},"end":{"line":753,"column":199}},"753":{"start":{"line":754,"column":0},"end":{"line":754,"column":443}},"754":{"start":{"line":755,"column":0},"end":{"line":755,"column":24}},"755":{"start":{"line":756,"column":0},"end":{"line":756,"column":61}},"756":{"start":{"line":757,"column":0},"end":{"line":757,"column":437}},"757":{"start":{"line":758,"column":0},"end":{"line":758,"column":547}},"758":{"start":{"line":759,"column":0},"end":{"line":759,"column":108}},"759":{"start":{"line":760,"column":0},"end":{"line":760,"column":294}},"760":{"start":{"line":761,"column":0},"end":{"line":761,"column":713}},"761":{"start":{"line":762,"column":0},"end":{"line":762,"column":657}},"762":{"start":{"line":763,"column":0},"end":{"line":763,"column":325}},"763":{"start":{"line":764,"column":0},"end":{"line":764,"column":100}},"764":{"start":{"line":765,"column":0},"end":{"line":765,"column":270}},"765":{"start":{"line":766,"column":0},"end":{"line":766,"column":164}},"766":{"start":{"line":767,"column":0},"end":{"line":767,"column":322}},"767":{"start":{"line":768,"column":0},"end":{"line":768,"column":150}},"768":{"start":{"line":769,"column":0},"end":{"line":769,"column":162}},"769":{"start":{"line":770,"column":0},"end":{"line":770,"column":371}},"770":{"start":{"line":771,"column":0},"end":{"line":771,"column":220}},"771":{"start":{"line":772,"column":0},"end":{"line":772,"column":89}},"772":{"start":{"line":773,"column":0},"end":{"line":773,"column":107}},"773":{"start":{"line":774,"column":0},"end":{"line":774,"column":53}},"774":{"start":{"line":775,"column":0},"end":{"line":775,"column":118}},"775":{"start":{"line":776,"column":0},"end":{"line":776,"column":506}},"776":{"start":{"line":777,"column":0},"end":{"line":777,"column":243}},"777":{"start":{"line":778,"column":0},"end":{"line":778,"column":35}},"778":{"start":{"line":779,"column":0},"end":{"line":779,"column":328}},"779":{"start":{"line":780,"column":0},"end":{"line":780,"column":12}},"780":{"start":{"line":781,"column":0},"end":{"line":781,"column":155}},"781":{"start":{"line":782,"column":0},"end":{"line":782,"column":157}},"782":{"start":{"line":783,"column":0},"end":{"line":783,"column":288}},"783":{"start":{"line":784,"column":0},"end":{"line":784,"column":194}},"784":{"start":{"line":785,"column":0},"end":{"line":785,"column":205}},"785":{"start":{"line":786,"column":0},"end":{"line":786,"column":209}},"786":{"start":{"line":787,"column":0},"end":{"line":787,"column":298}},"787":{"start":{"line":788,"column":0},"end":{"line":788,"column":125}},"788":{"start":{"line":789,"column":0},"end":{"line":789,"column":31}},"789":{"start":{"line":790,"column":0},"end":{"line":790,"column":300}},"790":{"start":{"line":791,"column":0},"end":{"line":791,"column":76}},"791":{"start":{"line":792,"column":0},"end":{"line":792,"column":409}},"792":{"start":{"line":793,"column":0},"end":{"line":793,"column":103}},"793":{"start":{"line":794,"column":0},"end":{"line":794,"column":52}},"794":{"start":{"line":795,"column":0},"end":{"line":795,"column":129}},"795":{"start":{"line":796,"column":0},"end":{"line":796,"column":916}},"796":{"start":{"line":797,"column":0},"end":{"line":797,"column":29}},"797":{"start":{"line":798,"column":0},"end":{"line":798,"column":146}},"798":{"start":{"line":799,"column":0},"end":{"line":799,"column":350}},"799":{"start":{"line":800,"column":0},"end":{"line":800,"column":314}},"800":{"start":{"line":801,"column":0},"end":{"line":801,"column":18}},"801":{"start":{"line":802,"column":0},"end":{"line":802,"column":146}},"802":{"start":{"line":803,"column":0},"end":{"line":803,"column":263}},"803":{"start":{"line":804,"column":0},"end":{"line":804,"column":475}},"804":{"start":{"line":805,"column":0},"end":{"line":805,"column":252}},"805":{"start":{"line":806,"column":0},"end":{"line":806,"column":62}},"806":{"start":{"line":807,"column":0},"end":{"line":807,"column":591}},"807":{"start":{"line":808,"column":0},"end":{"line":808,"column":94}},"808":{"start":{"line":809,"column":0},"end":{"line":809,"column":27}},"809":{"start":{"line":810,"column":0},"end":{"line":810,"column":36}},"810":{"start":{"line":811,"column":0},"end":{"line":811,"column":83}},"811":{"start":{"line":812,"column":0},"end":{"line":812,"column":144}},"812":{"start":{"line":813,"column":0},"end":{"line":813,"column":93}},"813":{"start":{"line":814,"column":0},"end":{"line":814,"column":242}},"814":{"start":{"line":815,"column":0},"end":{"line":815,"column":938}},"815":{"start":{"line":816,"column":0},"end":{"line":816,"column":138}},"816":{"start":{"line":817,"column":0},"end":{"line":817,"column":269}},"817":{"start":{"line":818,"column":0},"end":{"line":818,"column":904}},"818":{"start":{"line":819,"column":0},"end":{"line":819,"column":378}},"819":{"start":{"line":820,"column":0},"end":{"line":820,"column":23}},"820":{"start":{"line":821,"column":0},"end":{"line":821,"column":369}},"821":{"start":{"line":822,"column":0},"end":{"line":822,"column":62}},"822":{"start":{"line":823,"column":0},"end":{"line":823,"column":37}},"823":{"start":{"line":824,"column":0},"end":{"line":824,"column":16}},"824":{"start":{"line":825,"column":0},"end":{"line":825,"column":98}},"825":{"start":{"line":826,"column":0},"end":{"line":826,"column":251}},"826":{"start":{"line":827,"column":0},"end":{"line":827,"column":110}},"827":{"start":{"line":828,"column":0},"end":{"line":828,"column":25}},"828":{"start":{"line":829,"column":0},"end":{"line":829,"column":209}},"829":{"start":{"line":830,"column":0},"end":{"line":830,"column":122}},"830":{"start":{"line":831,"column":0},"end":{"line":831,"column":652}},"831":{"start":{"line":832,"column":0},"end":{"line":832,"column":421}},"832":{"start":{"line":833,"column":0},"end":{"line":833,"column":155}},"833":{"start":{"line":834,"column":0},"end":{"line":834,"column":659}},"834":{"start":{"line":835,"column":0},"end":{"line":835,"column":224}},"835":{"start":{"line":836,"column":0},"end":{"line":836,"column":129}},"836":{"start":{"line":837,"column":0},"end":{"line":837,"column":834}},"837":{"start":{"line":838,"column":0},"end":{"line":838,"column":803}},"838":{"start":{"line":839,"column":0},"end":{"line":839,"column":29}},"839":{"start":{"line":840,"column":0},"end":{"line":840,"column":51}},"840":{"start":{"line":841,"column":0},"end":{"line":841,"column":27}},"841":{"start":{"line":842,"column":0},"end":{"line":842,"column":54}},"842":{"start":{"line":843,"column":0},"end":{"line":843,"column":255}},"843":{"start":{"line":844,"column":0},"end":{"line":844,"column":304}},"844":{"start":{"line":845,"column":0},"end":{"line":845,"column":705}},"845":{"start":{"line":846,"column":0},"end":{"line":846,"column":67}},"846":{"start":{"line":847,"column":0},"end":{"line":847,"column":367}},"847":{"start":{"line":848,"column":0},"end":{"line":848,"column":272}},"848":{"start":{"line":849,"column":0},"end":{"line":849,"column":212}},"849":{"start":{"line":850,"column":0},"end":{"line":850,"column":85}},"850":{"start":{"line":851,"column":0},"end":{"line":851,"column":92}},"851":{"start":{"line":852,"column":0},"end":{"line":852,"column":16}},"852":{"start":{"line":853,"column":0},"end":{"line":853,"column":263}},"853":{"start":{"line":854,"column":0},"end":{"line":854,"column":442}},"854":{"start":{"line":855,"column":0},"end":{"line":855,"column":396}},"855":{"start":{"line":856,"column":0},"end":{"line":856,"column":158}},"856":{"start":{"line":857,"column":0},"end":{"line":857,"column":106}},"857":{"start":{"line":858,"column":0},"end":{"line":858,"column":187}},"858":{"start":{"line":859,"column":0},"end":{"line":859,"column":162}},"859":{"start":{"line":860,"column":0},"end":{"line":860,"column":556}},"860":{"start":{"line":861,"column":0},"end":{"line":861,"column":36}},"861":{"start":{"line":862,"column":0},"end":{"line":862,"column":1080}},"862":{"start":{"line":863,"column":0},"end":{"line":863,"column":202}},"863":{"start":{"line":864,"column":0},"end":{"line":864,"column":331}},"864":{"start":{"line":865,"column":0},"end":{"line":865,"column":528}},"865":{"start":{"line":866,"column":0},"end":{"line":866,"column":83}},"866":{"start":{"line":867,"column":0},"end":{"line":867,"column":33}},"867":{"start":{"line":868,"column":0},"end":{"line":868,"column":296}},"868":{"start":{"line":869,"column":0},"end":{"line":869,"column":33}},"869":{"start":{"line":870,"column":0},"end":{"line":870,"column":537}},"870":{"start":{"line":871,"column":0},"end":{"line":871,"column":13}},"871":{"start":{"line":872,"column":0},"end":{"line":872,"column":40}},"872":{"start":{"line":873,"column":0},"end":{"line":873,"column":42}},"873":{"start":{"line":874,"column":0},"end":{"line":874,"column":40}},"874":{"start":{"line":875,"column":0},"end":{"line":875,"column":150}},"875":{"start":{"line":876,"column":0},"end":{"line":876,"column":695}},"876":{"start":{"line":877,"column":0},"end":{"line":877,"column":106}},"877":{"start":{"line":878,"column":0},"end":{"line":878,"column":409}},"878":{"start":{"line":879,"column":0},"end":{"line":879,"column":84}},"879":{"start":{"line":880,"column":0},"end":{"line":880,"column":568}},"880":{"start":{"line":881,"column":0},"end":{"line":881,"column":700}},"881":{"start":{"line":882,"column":0},"end":{"line":882,"column":32}},"882":{"start":{"line":883,"column":0},"end":{"line":883,"column":285}},"883":{"start":{"line":884,"column":0},"end":{"line":884,"column":428}},"884":{"start":{"line":885,"column":0},"end":{"line":885,"column":238}},"885":{"start":{"line":886,"column":0},"end":{"line":886,"column":21}},"886":{"start":{"line":887,"column":0},"end":{"line":887,"column":99}},"887":{"start":{"line":888,"column":0},"end":{"line":888,"column":194}},"888":{"start":{"line":889,"column":0},"end":{"line":889,"column":6}},"889":{"start":{"line":890,"column":0},"end":{"line":890,"column":140}},"890":{"start":{"line":891,"column":0},"end":{"line":891,"column":540}},"891":{"start":{"line":892,"column":0},"end":{"line":892,"column":269}},"892":{"start":{"line":893,"column":0},"end":{"line":893,"column":91}},"893":{"start":{"line":894,"column":0},"end":{"line":894,"column":86}},"894":{"start":{"line":895,"column":0},"end":{"line":895,"column":234}},"895":{"start":{"line":896,"column":0},"end":{"line":896,"column":236}},"896":{"start":{"line":897,"column":0},"end":{"line":897,"column":39}},"897":{"start":{"line":898,"column":0},"end":{"line":898,"column":343}},"898":{"start":{"line":899,"column":0},"end":{"line":899,"column":135}},"899":{"start":{"line":900,"column":0},"end":{"line":900,"column":319}},"900":{"start":{"line":901,"column":0},"end":{"line":901,"column":264}},"901":{"start":{"line":902,"column":0},"end":{"line":902,"column":377}},"902":{"start":{"line":903,"column":0},"end":{"line":903,"column":231}},"903":{"start":{"line":904,"column":0},"end":{"line":904,"column":67}},"904":{"start":{"line":905,"column":0},"end":{"line":905,"column":277}},"905":{"start":{"line":906,"column":0},"end":{"line":906,"column":241}},"906":{"start":{"line":907,"column":0},"end":{"line":907,"column":241}},"907":{"start":{"line":908,"column":0},"end":{"line":908,"column":458}},"908":{"start":{"line":909,"column":0},"end":{"line":909,"column":201}},"909":{"start":{"line":910,"column":0},"end":{"line":910,"column":29}},"910":{"start":{"line":911,"column":0},"end":{"line":911,"column":724}},"911":{"start":{"line":912,"column":0},"end":{"line":912,"column":1029}},"912":{"start":{"line":913,"column":0},"end":{"line":913,"column":125}},"913":{"start":{"line":914,"column":0},"end":{"line":914,"column":120}},"914":{"start":{"line":915,"column":0},"end":{"line":915,"column":145}},"915":{"start":{"line":916,"column":0},"end":{"line":916,"column":40}},"916":{"start":{"line":917,"column":0},"end":{"line":917,"column":287}},"917":{"start":{"line":918,"column":0},"end":{"line":918,"column":89}},"918":{"start":{"line":919,"column":0},"end":{"line":919,"column":182}},"919":{"start":{"line":920,"column":0},"end":{"line":920,"column":72}},"920":{"start":{"line":921,"column":0},"end":{"line":921,"column":28}},"921":{"start":{"line":922,"column":0},"end":{"line":922,"column":16}},"922":{"start":{"line":923,"column":0},"end":{"line":923,"column":18}},"923":{"start":{"line":924,"column":0},"end":{"line":924,"column":83}},"924":{"start":{"line":925,"column":0},"end":{"line":925,"column":71}},"925":{"start":{"line":926,"column":0},"end":{"line":926,"column":129}},"926":{"start":{"line":927,"column":0},"end":{"line":927,"column":233}},"927":{"start":{"line":928,"column":0},"end":{"line":928,"column":171}},"928":{"start":{"line":929,"column":0},"end":{"line":929,"column":25}},"929":{"start":{"line":930,"column":0},"end":{"line":930,"column":365}},"930":{"start":{"line":931,"column":0},"end":{"line":931,"column":330}},"931":{"start":{"line":932,"column":0},"end":{"line":932,"column":624}},"932":{"start":{"line":933,"column":0},"end":{"line":933,"column":84}},"933":{"start":{"line":934,"column":0},"end":{"line":934,"column":350}},"934":{"start":{"line":935,"column":0},"end":{"line":935,"column":401}},"935":{"start":{"line":936,"column":0},"end":{"line":936,"column":49}},"936":{"start":{"line":937,"column":0},"end":{"line":937,"column":37}},"937":{"start":{"line":938,"column":0},"end":{"line":938,"column":55}},"938":{"start":{"line":939,"column":0},"end":{"line":939,"column":694}},"939":{"start":{"line":940,"column":0},"end":{"line":940,"column":966}},"940":{"start":{"line":941,"column":0},"end":{"line":941,"column":30}},"941":{"start":{"line":942,"column":0},"end":{"line":942,"column":242}},"942":{"start":{"line":943,"column":0},"end":{"line":943,"column":89}},"943":{"start":{"line":944,"column":0},"end":{"line":944,"column":470}},"944":{"start":{"line":945,"column":0},"end":{"line":945,"column":204}},"945":{"start":{"line":946,"column":0},"end":{"line":946,"column":125}},"946":{"start":{"line":947,"column":0},"end":{"line":947,"column":61}},"947":{"start":{"line":948,"column":0},"end":{"line":948,"column":85}},"948":{"start":{"line":949,"column":0},"end":{"line":949,"column":124}},"949":{"start":{"line":950,"column":0},"end":{"line":950,"column":120}},"950":{"start":{"line":951,"column":0},"end":{"line":951,"column":121}},"951":{"start":{"line":952,"column":0},"end":{"line":952,"column":37}},"952":{"start":{"line":953,"column":0},"end":{"line":953,"column":122}},"953":{"start":{"line":954,"column":0},"end":{"line":954,"column":370}},"954":{"start":{"line":955,"column":0},"end":{"line":955,"column":52}},"955":{"start":{"line":956,"column":0},"end":{"line":956,"column":368}},"956":{"start":{"line":957,"column":0},"end":{"line":957,"column":100}},"957":{"start":{"line":958,"column":0},"end":{"line":958,"column":105}},"958":{"start":{"line":959,"column":0},"end":{"line":959,"column":93}},"959":{"start":{"line":960,"column":0},"end":{"line":960,"column":325}},"960":{"start":{"line":961,"column":0},"end":{"line":961,"column":37}},"961":{"start":{"line":962,"column":0},"end":{"line":962,"column":311}},"962":{"start":{"line":963,"column":0},"end":{"line":963,"column":65}},"963":{"start":{"line":964,"column":0},"end":{"line":964,"column":316}},"964":{"start":{"line":965,"column":0},"end":{"line":965,"column":22}},"965":{"start":{"line":966,"column":0},"end":{"line":966,"column":92}},"966":{"start":{"line":967,"column":0},"end":{"line":967,"column":511}},"967":{"start":{"line":968,"column":0},"end":{"line":968,"column":216}},"968":{"start":{"line":969,"column":0},"end":{"line":969,"column":82}},"969":{"start":{"line":970,"column":0},"end":{"line":970,"column":281}},"970":{"start":{"line":971,"column":0},"end":{"line":971,"column":160}},"971":{"start":{"line":972,"column":0},"end":{"line":972,"column":57}},"972":{"start":{"line":973,"column":0},"end":{"line":973,"column":225}},"973":{"start":{"line":974,"column":0},"end":{"line":974,"column":50}},"974":{"start":{"line":975,"column":0},"end":{"line":975,"column":351}},"975":{"start":{"line":976,"column":0},"end":{"line":976,"column":3}},"976":{"start":{"line":977,"column":0},"end":{"line":977,"column":257}},"977":{"start":{"line":978,"column":0},"end":{"line":978,"column":75}},"978":{"start":{"line":979,"column":0},"end":{"line":979,"column":522}},"979":{"start":{"line":980,"column":0},"end":{"line":980,"column":32}},"980":{"start":{"line":981,"column":0},"end":{"line":981,"column":111}},"981":{"start":{"line":982,"column":0},"end":{"line":982,"column":27}},"982":{"start":{"line":983,"column":0},"end":{"line":983,"column":326}},"983":{"start":{"line":984,"column":0},"end":{"line":984,"column":28}},"984":{"start":{"line":985,"column":0},"end":{"line":985,"column":9}},"985":{"start":{"line":986,"column":0},"end":{"line":986,"column":304}},"986":{"start":{"line":987,"column":0},"end":{"line":987,"column":389}},"987":{"start":{"line":988,"column":0},"end":{"line":988,"column":16}},"988":{"start":{"line":989,"column":0},"end":{"line":989,"column":528}},"989":{"start":{"line":990,"column":0},"end":{"line":990,"column":13}},"990":{"start":{"line":991,"column":0},"end":{"line":991,"column":45}},"991":{"start":{"line":992,"column":0},"end":{"line":992,"column":104}},"992":{"start":{"line":993,"column":0},"end":{"line":993,"column":329}},"993":{"start":{"line":994,"column":0},"end":{"line":994,"column":257}},"994":{"start":{"line":995,"column":0},"end":{"line":995,"column":99}},"995":{"start":{"line":996,"column":0},"end":{"line":996,"column":94}},"996":{"start":{"line":997,"column":0},"end":{"line":997,"column":185}},"997":{"start":{"line":998,"column":0},"end":{"line":998,"column":137}},"998":{"start":{"line":999,"column":0},"end":{"line":999,"column":547}},"999":{"start":{"line":1000,"column":0},"end":{"line":1000,"column":24}},"1000":{"start":{"line":1001,"column":0},"end":{"line":1001,"column":947}},"1001":{"start":{"line":1002,"column":0},"end":{"line":1002,"column":232}},"1002":{"start":{"line":1003,"column":0},"end":{"line":1003,"column":51}},"1003":{"start":{"line":1004,"column":0},"end":{"line":1004,"column":123}},"1004":{"start":{"line":1005,"column":0},"end":{"line":1005,"column":191}},"1005":{"start":{"line":1006,"column":0},"end":{"line":1006,"column":187}},"1006":{"start":{"line":1007,"column":0},"end":{"line":1007,"column":142}},"1007":{"start":{"line":1008,"column":0},"end":{"line":1008,"column":248}},"1008":{"start":{"line":1009,"column":0},"end":{"line":1009,"column":459}},"1009":{"start":{"line":1010,"column":0},"end":{"line":1010,"column":126}},"1010":{"start":{"line":1011,"column":0},"end":{"line":1011,"column":561}},"1011":{"start":{"line":1012,"column":0},"end":{"line":1012,"column":192}},"1012":{"start":{"line":1013,"column":0},"end":{"line":1013,"column":37}},"1013":{"start":{"line":1014,"column":0},"end":{"line":1014,"column":125}},"1014":{"start":{"line":1015,"column":0},"end":{"line":1015,"column":237}},"1015":{"start":{"line":1016,"column":0},"end":{"line":1016,"column":627}},"1016":{"start":{"line":1017,"column":0},"end":{"line":1017,"column":186}},"1017":{"start":{"line":1018,"column":0},"end":{"line":1018,"column":366}},"1018":{"start":{"line":1019,"column":0},"end":{"line":1019,"column":67}},"1019":{"start":{"line":1020,"column":0},"end":{"line":1020,"column":1055}},"1020":{"start":{"line":1021,"column":0},"end":{"line":1021,"column":158}},"1021":{"start":{"line":1022,"column":0},"end":{"line":1022,"column":44}},"1022":{"start":{"line":1023,"column":0},"end":{"line":1023,"column":241}},"1023":{"start":{"line":1024,"column":0},"end":{"line":1024,"column":217}},"1024":{"start":{"line":1025,"column":0},"end":{"line":1025,"column":302}},"1025":{"start":{"line":1026,"column":0},"end":{"line":1026,"column":39}},"1026":{"start":{"line":1027,"column":0},"end":{"line":1027,"column":165}},"1027":{"start":{"line":1028,"column":0},"end":{"line":1028,"column":68}},"1028":{"start":{"line":1029,"column":0},"end":{"line":1029,"column":173}},"1029":{"start":{"line":1030,"column":0},"end":{"line":1030,"column":192}},"1030":{"start":{"line":1031,"column":0},"end":{"line":1031,"column":345}},"1031":{"start":{"line":1032,"column":0},"end":{"line":1032,"column":371}},"1032":{"start":{"line":1033,"column":0},"end":{"line":1033,"column":259}},"1033":{"start":{"line":1034,"column":0},"end":{"line":1034,"column":15}},"1034":{"start":{"line":1035,"column":0},"end":{"line":1035,"column":237}},"1035":{"start":{"line":1036,"column":0},"end":{"line":1036,"column":13}},"1036":{"start":{"line":1037,"column":0},"end":{"line":1037,"column":627}},"1037":{"start":{"line":1038,"column":0},"end":{"line":1038,"column":18}},"1038":{"start":{"line":1039,"column":0},"end":{"line":1039,"column":31}},"1039":{"start":{"line":1040,"column":0},"end":{"line":1040,"column":44}},"1040":{"start":{"line":1041,"column":0},"end":{"line":1041,"column":14}},"1041":{"start":{"line":1042,"column":0},"end":{"line":1042,"column":45}},"1042":{"start":{"line":1043,"column":0},"end":{"line":1043,"column":230}},"1043":{"start":{"line":1044,"column":0},"end":{"line":1044,"column":220}},"1044":{"start":{"line":1045,"column":0},"end"
[...]
}},"13":{"start":{"line":14,"column":0},"end":{"line":14,"column":24}},"14":{"start":{"line":15,"column":0},"end":{"line":15,"column":24}},"15":{"start":{"line":16,"column":0},"end":{"line":16,"column":1}},"16":{"start":{"line":17,"column":0},"end":{"line":17,"column":0}},"17":{"start":{"line":18,"column":0},"end":{"line":18,"column":36}},"18":{"start":{"line":19,"column":0},"end":{"line":19,"column":14}},"19":{"start":{"line":20,"column":0},"end":{"line":20,"column":2}},"20":{"start":{"line":21,"column":0},"end":{"line":21,"column":0}},"21":{"start":{"line":22,"column":0},"end":{"line":22,"column":46}},"22":{"start":{"line":23,"column":0},"end":{"line":23,"column":23}},"23":{"start":{"line":24,"column":0},"end":{"line":24,"column":15}},"24":{"start":{"line":25,"column":0},"end":{"line":25,"column":13}},"25":{"start":{"line":26,"column":0},"end":{"line":26,"column":70}},"26":{"start":{"line":27,"column":0},"end":{"line":27,"column":35}},"27":{"start":{"line":28,"column":0},"end":{"line":28,"column":6}},"28":{"start":{"line":29,"column":0},"end":{"line":29,"column":35}},"29":{"start":{"line":30,"column":0},"end":{"line":30,"column":25}},"30":{"start":{"line":31,"column":0},"end":{"line":31,"column":6}},"31":{"start":{"line":32,"column":0},"end":{"line":32,"column":4}},"32":{"start":{"line":33,"column":0},"end":{"line":33,"column":3}},"33":{"start":{"line":34,"column":0},"end":{"line":34,"column":0}},"34":{"start":{"line":35,"column":0},"end":{"line":35,"column":78}},"35":{"start":{"line":36,"column":0},"end":{"line":36,"column":0}},"36":{"start":{"line":37,"column":0},"end":{"line":37,"column":41}}},"s":{"0":1,"1":1,"2":1,"3":1,"4":1,"5":1,"6":1,"7":1,"8":1,"9":1,"10":1,"11":1,"12":1,"13":1,"14":1,"15":1,"16":1,"17":1,"18":1,"19":1,"20":1,"21":1,"22":1,"23":1,"24":1,"25":1,"26":0,"27":1,"28":1,"29":0,"30":1,"31":1,"32":1,"33":1,"34":1,"35":1,"36":1},"branchMap":{},"b":{},"fnMap":{"0":{"name":"updateAddress","decl":{"start":{"line":26,"column":19},"end":{"line":28,"column":5}},"loc":{"start":{"line":26,"column":19},"end":{"line":28,"column":5}},"line":26},"1":{"name":"resetOrderAddress","decl":{"start":{"line":29,"column":23},"end":{"line":31,"column":5}},"loc":{"start":{"line":29,"column":23},"end":{"line":31,"column":5}},"line":29}},"f":{"0":0,"1":0}}
,"C:\\Users\\loven\\Documents\\onboarding\\vite-project\\src\\redux\\slices\\orderDetailsSlice.ts": {"path":"C:\\Users\\loven\\Documents\\onboarding\\vite-project\\src\\redux\\slices\\orderDetailsSlice.ts","all":false,"statementMap":{"0":{"start":{"line":1,"column":0},"end":{"line":1,"column":47}},"1":{"start":{"line":2,"column":0},"end":{"line":2,"column":54}},"2":{"start":{"line":3,"column":0},"end":{"line":3,"column":53}},"3":{"start":{"line":4,"column":0},"end":{"line":4,"column":0}},"4":{"start":{"line":5,"column":0},"end":{"line":5,"column":24}},"5":{"start":{"line":6,"column":0},"end":{"line":6,"column":10}},"6":{"start":{"line":7,"column":0},"end":{"line":7,"column":22}},"7":{"start":{"line":8,"column":0},"end":{"line":8,"column":23}},"8":{"start":{"line":9,"column":0},"end":{"line":9,"column":21}},"9":{"start":{"line":10,"column":0},"end":{"line":10,"column":11}},"10":{"start":{"line":11,"column":0},"end":{"line":11,"column":1}},"11":{"start":{"line":12,"column":0},"end":{"line":12,"column":0}},"12":{"start":{"line":13,"column":0},"end":{"line":13,"column":36}},"13":{"start":{"line":14,"column":0},"end":{"line":14,"column":14}},"14":{"start":{"line":15,"column":0},"end":{"line":15,"column":2}},"15":{"start":{"line":16,"column":0},"end":{"line":16,"column":0}},"16":{"start":{"line":17,"column":0},"end":{"line":17,"column":46}},"17":{"start":{"line":18,"column":0},"end":{"line":18,"column":23}},"18":{"start":{"line":19,"column":0},"end":{"line":19,"column":15}},"19":{"start":{"line":20,"column":0},"end":{"line":20,"column":13}},"20":{"start":{"line":21,"column":0},"end":{"line":21,"column":18}},"21":{"start":{"line":22,"column":0},"end":{"line":22,"column":12}},"22":{"start":{"line":23,"column":0},"end":{"line":23,"column":29}},"23":{"start":{"line":24,"column":0},"end":{"line":24,"column":26}},"24":{"start":{"line":25,"column":0},"end":{"line":25,"column":27}},"25":{"start":{"line":26,"column":0},"end":{"line":26,"column":25}},"26":{"start":{"line":27,"column":0},"end":{"line":27,"column":15}},"27":{"start":{"line":28,"column":0},"end":{"line":28,"column":10}},"28":{"start":{"line":29,"column":0},"end":{"line":29,"column":35}},"29":{"start":{"line":30,"column":0},"end":{"line":30,"column":6}},"30":{"start":{"line":31,"column":0},"end":{"line":31,"column":35}},"31":{"start":{"line":32,"column":0},"end":{"line":32,"column":25}},"32":{"start":{"line":33,"column":0},"end":{"line":33,"column":6}},"33":{"start":{"line":34,"column":0},"end":{"line":34,"column":4}},"34":{"start":{"line":35,"column":0},"end":{"line":35,"column":3}},"35":{"start":{"line":36,"column":0},"end":{"line":36,"column":0}},"36":{"start":{"line":37,"column":0},"end":{"line":37,"column":76}},"37":{"start":{"line":38,"column":0},"end":{"line":38,"column":0}},"38":{"start":{"line":39,"column":0},"end":{"line":39,"column":41}}},"s":{"0":1,"1":1,"2":1,"3":1,"4":1,"5":1,"6":1,"7":1,"8":1,"9":1,"10":1,"11":1,"12":1,"13":1,"14":1,"15":1,"16":1,"17":1,"18":1,"19":1,"20":1,"21":0,"22":0,"23":0,"24":0,"25":0,"26":0,"27":0,"28":0,"29":1,"30":1,"31":0,"32":1,"33":1,"34":1,"35":1,"36":1,"37":1,"38":1},"branchMap":{},"b":{},"fnMap":{"0":{"name":"updateOrder","decl":{"start":{"line":21,"column":17},"end":{"line":30,"column":5}},"loc":{"start":{"line":21,"column":17},"end":{"line":30,"column":5}},"line":21},"1":{"name":"resetOrderDetails","decl":{"start":{"line":31,"column":23},"end":{"line":33,"column":5}},"loc":{"start":{"line":31,"column":23},"end":{"line":33,"column":5}},"line":31}},"f":{"0":0,"1":0}}
,"C:\\Users\\loven\\Documents\\onboarding\\vite-project\\src\\redux\\slices\\orderPaymentMethodSlice.ts": {"path":"C:\\Users\\loven\\Documents\\onboarding\\vite-project\\src\\redux\\slices\\orderPaymentMethodSlice.ts","all":false,"statementMap":{"0":{"start":{"line":1,"column":0},"end":{"line":1,"column":47}},"1":{"start":{"line":2,"column":0},"end":{"line":2,"column":54}},"2":{"start":{"line":3,"column":0},"end":{"line":3,"column":0}},"3":{"start":{"line":4,"column":0},"end":{"line":4,"column":30}},"4":{"start":{"line":5,"column":0},"end":{"line":5,"column":24}},"5":{"start":{"line":6,"column":0},"end":{"line":6,"column":1}},"6":{"start":{"line":7,"column":0},"end":{"line":7,"column":0}},"7":{"start":{"line":8,"column":0},"end":{"line":8,"column":42}},"8":{"start":{"line":9,"column":0},"end":{"line":9,"column":16}},"9":{"start":{"line":10,"column":0},"end":{"line":10,"column":2}},"10":{"start":{"line":11,"column":0},"end":{"line":11,"column":0}},"11":{"start":{"line":12,"column":0},"end":{"line":12,"column":46}},"12":{"start":{"line":13,"column":0},"end":{"line":13,"column":23}},"13":{"start":{"line":14,"column":0},"end":{"line":14,"column":15}},"14":{"start":{"line":15,"column":0},"end":{"line":15,"column":13}},"15":{"start":{"line":16,"column":0},"end":{"line":16,"column":76}},"16":{"start":{"line":17,"column":0},"end":{"line":17,"column":35}},"17":{"start":{"line":18,"column":0},"end":{"line":18,"column":6}},"18":{"start":{"line":19,"column":0},"end":{"line":19,"column":4}},"19":{"start":{"line":20,"column":0},"end":{"line":20,"column":3}},"20":{"start":{"line":21,"column":0},"end":{"line":21,"column":0}},"21":{"start":{"line":22,"column":0},"end":{"line":22,"column":65}},"22":{"start":{"line":23,"column":0},"end":{"line":23,"column":0}},"23":{"start":{"line":24,"column":0},"end":{"line":24,"column":41}}},"s":{"0":1,"1":1,"2":1,"3":1,"4":1,"5":1,"6":1,"7":1,"8":1,"9":1,"10":1,"11":1,"12":1,"13":1,"14":1,"15":1,"16":0,"17":1,"18":1,"19":1,"20":1,"21":1,"22":1,"23":1},"branchMap":{},"b":{},"fnMap":{"0":{"name":"updatePaymentMethod","decl":{"start":{"line":16,"column":25},"end":{"line":18,"column":5}},"loc":{"start":{"line":16,"column":25},"end":{"line":18,"column":5}},"line":16}},"f":{"0":0}}
,"C:\\Users\\loven\\Documents\\onboarding\\vite-project\\src\\redux\\slices\\personalInformationTabSlice.ts": {"path":"C:\\Users\\loven\\Documents\\onboarding\\vite-project\\src\\redux\\slices\\personalInformationTabSlice.ts","all":false,"statementMap":{"0":{"start":{"line":1,"column":0},"end":{"line":1,"column":47}},"1":{"start":{"line":2,"column":0},"end":{"line":2,"column":54}},"2":{"start":{"line":3,"column":0},"end":{"line":3,"column":0}},"3":{"start":{"line":4,"column":0},"end":{"line":4,"column":80}},"4":{"start":{"line":5,"column":0},"end":{"line":5,"column":0}},"5":{"start":{"line":6,"column":0},"end":{"line":6,"column":24}},"6":{"start":{"line":7,"column":0},"end":{"line":7,"column":13}},"7":{"start":{"line":8,"column":0},"end":{"line":8,"column":1}},"8":{"start":{"line":9,"column":0},"end":{"line":9,"column":0}},"9":{"start":{"line":10,"column":0},"end":{"line":10,"column":36}},"10":{"start":{"line":11,"column":0},"end":{"line":11,"column":32}},"11":{"start":{"line":12,"column":0},"end":{"line":12,"column":2}},"12":{"start":{"line":13,"column":0},"end":{"line":13,"column":56}},"13":{"start":{"line":14,"column":0},"end":{"line":14,"column":20}},"14":{"start":{"line":15,"column":0},"end":{"line":15,"column":15}},"15":{"start":{"line":16,"column":0},"end":{"line":16,"column":13}},"16":{"start":{"line":17,"column":0},"end":{"line":17,"column":55}},"17":{"start":{"line":18,"column":0},"end":{"line":18,"column":35}},"18":{"start":{"line":19,"column":0},"end":{"line":19,"column":6}},"19":{"start":{"line":20,"column":0},"end":{"line":20,"column":4}},"20":{"start":{"line":21,"column":0},"end":{"line":21,"column":3}},"21":{"start":{"line":22,"column":0},"end":{"line":22,"column":0}},"22":{"start":{"line":23,"column":0},"end":{"line":23,"column":65}},"23":{"start":{"line":24,"column":0},"end":{"line":24,"column":0}},"24":{"start":{"line":25,"column":0},"end":{"line":25,"column":51}}},"s":{"0":1,"1":1,"2":1,"3":1,"4":1,"5":1,"6":1,"7":1,"8":1,"9":1,"10":1,"11":1,"12":1,"13":1,"14":1,"15":1,"16":1,"17":0,"18":1,"19":1,"20":1,"21":1,"22":1,"23":1,"24":1},"branchMap":{},"b":{},"fnMap":{"0":{"name":"changeTab","decl":{"start":{"line":17,"column":15},"end":{"line":19,"column":5}},"loc":{"start":{"line":17,"column":15},"end":{"line":19,"column":5}},"line":17}},"f":{"0":0}}
,"C:\\Users\\loven\\Documents\\onboarding\\vite-project\\src\\redux\\slices\\productQuerySlice.ts": {"path":"C:\\Users\\loven\\Documents\\onboarding\\vite-project\\src\\redux\\slices\\productQuerySlice.ts","all":false,"statementMap":{"0":{"start":{"line":1,"column":0},"end":{"line":1,"column":47}},"1":{"start":{"line":2,"column":0},"end":{"line":2,"column":54}},"2":{"start":{"line":3,"column":0},"end":{"line":3,"column":0}},"3":{"start":{"line":4,"column":0},"end":{"line":4,"column":24}},"4":{"start":{"line":5,"column":0},"end":{"line":5,"column":16}},"5":{"start":{"line":6,"column":0},"end":{"line":6,"column":1}},"6":{"start":{"line":7,"column":0},"end":{"line":7,"column":0}},"7":{"start":{"line":8,"column":0},"end":{"line":8,"column":36}},"8":{"start":{"line":9,"column":0},"end":{"line":9,"column":25}},"9":{"start":{"line":10,"column":0},"end":{"line":10,"column":2}},"10":{"start":{"line":11,"column":0},"end":{"line":11,"column":0}},"11":{"start":{"line":12,"column":0},"end":{"line":12,"column":46}},"12":{"start":{"line":13,"column":0},"end":{"line":13,"column":23}},"13":{"start":{"line":14,"column":0},"end":{"line":14,"column":15}},"14":{"start":{"line":15,"column":0},"end":{"line":15,"column":13}},"15":{"start":{"line":16,"column":0},"end":{"line":16,"column":60}},"16":{"start":{"line":17,"column":0},"end":{"line":17,"column":35}},"17":{"start":{"line":18,"column":0},"end":{"line":18,"column":6}},"18":{"start":{"line":19,"column":0},"end":{"line":19,"column":28}},"19":{"start":{"line":20,"column":0},"end":{"line":20,"column":36}},"20":{"start":{"line":21,"column":0},"end":{"line":21,"column":6}},"21":{"start":{"line":22,"column":0},"end":{"line":22,"column":4}},"22":{"start":{"line":23,"column":0},"end":{"line":23,"column":3}},"23":{"start":{"line":24,"column":0},"end":{"line":24,"column":0}},"24":{"start":{"line":25,"column":0},"end":{"line":25,"column":69}},"25":{"start":{"line":26,"column":0},"end":{"line":26,"column":0}},"26":{"start":{"line":27,"column":0},"end":{"line":27,"column":41}}},"s":{"0":1,"1":1,"2":1,"3":1,"4":1,"5":1,"6":1,"7":1,"8":1,"9":1,"10":1,"11":1,"12":1,"13":1,"14":1,"15":1,"16":0,"17":1,"18":1,"19":0,"20":1,"21":1,"22":1,"23":1,"24":1,"25":1,"26":1},"branchMap":{},"b":{},"fnMap":{"0":{"name":"changeQuery","decl":{"start":{"line":16,"column":17},"end":{"line":18,"column":5}},"loc":{"start":{"line":16,"column":17},"end":{"line":18,"column":5}},"line":16},"1":{"name":"resetQuery","decl":{"start":{"line":19,"column":16},"end":{"line":21,"column":5}},"loc":{"start":{"line":19,"column":16},"end":{"line":21,"column":5}},"line":19}},"f":{"0":0,"1":0}}
,"C:\\Users\\loven\\Documents\\onboarding\\vite-project\\src\\redux\\slices\\userSlice.ts": {"path":"C:\\Users\\loven\\Documents\\onboarding\\vite-project\\src\\redux\\slices\\userSlice.ts","all":false,"statementMap":{"0":{"start":{"line":1,"column":0},"end":{"line":1,"column":47}},"1":{"start":{"line":2,"column":0},"end":{"line":2,"column":54}},"2":{"start":{"line":3,"column":0},"end":{"line":3,"column":0}},"3":{"start":{"line":4,"column":0},"end":{"line":4,"column":13}},"4":{"start":{"line":5,"column":0},"end":{"line":5,"column":13}},"5":{"start":{"line":6,"column":0},"end":{"line":6,"column":15}},"6":{"start":{"line":7,"column":0},"end":{"line":7,"column":16}},"7":{"start":{"line":8,"column":0},"end":{"line":8,"column":24}},"8":{"start":{"line":9,"column":0},"end":{"line":9,"column":23}},"9":{"start":{"line":10,"column":0},"end":{"line":10,"column":9}},"10":{"start":{"line":11,"column":0},"end":{"line":11,"column":0}},"11":{"start":{"line":12,"column":0},"end":{"line":12,"column":36}},"12":{"start":{"line":13,"column":0},"end":{"line":13,"column":21}},"13":{"start":{"line":14,"column":0},"end":{"line":14,"column":14}},"14":{"start":{"line":15,"column":0},"end":{"line":15,"column":1}},"15":{"start":{"line":16,"column":0},"end":{"line":16,"column":0}},"16":{"start":{"line":17,"column":0},"end":{"line":17,"column":43}},"17":{"start":{"line":18,"column":0},"end":{"line":18,"column":33}},"18":{"start":{"line":19,"column":0},"end":{"line":19,"column":14}},"19":{"start":{"line":20,"column":0},"end":{"line":20,"column":2}},"20":{"start":{"line":21,"column":0},"end":{"line":21,"column":0}},"21":{"start":{"line":22,"column":0},"end":{"line":22,"column":38}},"22":{"start":{"line":23,"column":0},"end":{"line":23,"column":15}},"23":{"start":{"line":24,"column":0},"end":{"line":24,"column":15}},"24":{"start":{"line":25,"column":0},"end":{"line":25,"column":13}},"25":{"start":{"line":26,"column":0},"end":{"line":26,"column":54}},"26":{"start":{"line":27,"column":0},"end":{"line":27,"column":35}},"27":{"start":{"line":28,"column":0},"end":{"line":28,"column":6}},"28":{"start":{"line":29,"column":0},"end":{"line":29,"column":28}},"29":{"start":{"line":30,"column":0},"end":{"line":30,"column":25}},"30":{"start":{"line":31,"column":0},"end":{"line":31,"column":6}},"31":{"start":{"line":32,"column":0},"end":{"line":32,"column":61}},"32":{"start":{"line":33,"column":0},"end":{"line":33,"column":34}},"33":{"start":{"line":34,"column":0},"end":{"line":34,"column":0}},"34":{"start":{"line":35,"column":0},"end":{"line":35,"column":59}},"35":{"start":{"line":36,"column":0},"end":{"line":36,"column":6}},"36":{"start":{"line":37,"column":0},"end":{"line":37,"column":4}},"37":{"start":{"line":38,"column":0},"end":{"line":38,"column":3}},"38":{"start":{"line":39,"column":0},"end":{"line":39,"column":0}},"39":{"start":{"line":40,"column":0},"end":{"line":40,"column":71}},"40":{"start":{"line":41,"column":0},"end":{"line":41,"column":0}},"41":{"start":{"line":42,"column":0},"end":{"line":42,"column":33}}},"s":{"0":1,"1":1,"2":1,"3":1,"4":1,"5":1,"6":1,"7":1,"8":1,"9":1,"10":1,"11":1,"12":1,"13":1,"14":1,"15":1,"16":1,"17":1,"18":1,"19":1,"20":1,"21":1,"22":1,"23":1,"24":1,"25":1,"26":0,"27":1,"28":1,"29":0,"30":1,"31":1,"32":0,"33":0,"34":0,"35":1,"36":1,"37":1,"38":1,"39":1,"40":1,"41":1},"branchMap":{},"b":{},"fnMap":{"0":{"name":"setUser","decl":{"start":{"line":26,"column":13},"end":{"line":28,"column":5}},"loc":{"start":{"line":26,"column":13},"end":{"line":28,"column":5}},"line":26},"1":{"name":"removeUser","decl":{"start":{"line":29,"column":16},"end":{"line":31,"column":5}},"loc":{"start":{"line":29,"column":16},"end":{"line":31,"column":5}},"line":29},"2":{"name":"updateAvatar","decl":{"start":{"line":32,"column":18},"end":{"line":36,"column":5}},"loc":{"start":{"line":32,"column":18},"end":{"line":36,"column":5}},"line":32}},"f":{"0":0,"1":0,"2":0}}
,"C:\\Users\\loven\\Documents\\onboarding\\vite-project\\utils\\test-utils.tsx": {"path":"C:\\Users\\loven\\Documents\\onboarding\\vite-project\\utils\\test-utils.tsx","all":false,"statementMap":{"0":{"start":{"line":1,"column":0},"end":{"line":1,"column":44}},"1":{"start":{"line":2,"column":0},"end":{"line":2,"column":63}},"2":{"start":{"line":3,"column":0},"end":{"line":3,"column":39}},"3":{"start":{"line":4,"column":0},"end":{"line":4,"column":62}},"4":{"start":{"line":5,"column":0},"end":{"line":5,"column":55}},"5":{"start":{"line":6,"column":0},"end":{"line":6,"column":63}},"6":{"start":{"line":7,"column":0},"end":{"line":7,"column":54}},"7":{"start":{"line":8,"column":0},"end":{"line":8,"column":45}},"8":{"start":{"line":9,"column":0},"end":{"line":9,"column":0}},"9":{"start":{"line":10,"column":0},"end":{"line":10,"column":74}},"10":{"start":{"line":11,"column":0},"end":{"line":11,"column":10}},"11":{"start":{"line":12,"column":0},"end":{"line":12,"column":28}},"12":{"start":{"line":13,"column":0},"end":{"line":13,"column":70}},"13":{"start":{"line":14,"column":0},"end":{"line":14,"column":58}},"14":{"start":{"line":15,"column":0},"end":{"line":15,"column":20}},"15":{"start":{"line":16,"column":0},"end":{"line":16,"column":22}},"16":{"start":{"line":17,"column":0},"end":{"line":17,"column":33}},"17":{"start":{"line":18,"column":0},"end":{"line":18,"column":17}},"18":{"start":{"line":19,"column":0},"end":{"line":19,"column":15}},"19":{"start":{"line":20,"column":0},"end":{"line":20,"column":4}},"20":{"start":{"line":21,"column":0},"end":{"line":21,"column":2}},"21":{"start":{"line":22,"column":0},"end":{"line":22,"column":0}},"22":{"start":{"line":23,"column":0},"end":{"line":23,"column":22}},"23":{"start":{"line":24,"column":0},"end":{"line":24,"column":19}},"24":{"start":{"line":25,"column":0},"end":{"line":25,"column":42}},"25":{"start":{"line":26,"column":0},"end":{"line":26,"column":58}},"26":{"start":{"line":27,"column":0},"end":{"line":27,"column":0}},"27":{"start":{"line":28,"column":0},"end":{"line":28,"column":39}},"28":{"start":{"line":29,"column":0},"end":{"line":29,"column":34}}},"s":{"0":1,"1":1,"2":1,"3":1,"4":1,"5":1,"6":1,"7":1,"8":1,"9":1,"10":2,"11":2,"12":2,"13":2,"14":2,"15":2,"16":2,"17":2,"18":2,"19":2,"20":2,"21":1,"22":1,"23":2,"24":2,"25":1,"26":1,"27":1,"28":1},"branchMap":{"0":{"type":"branch","line":10,"loc":{"start":{"line":10,"column":24},"end":{"line":21,"column":2}},"locations":[{"start":{"line":10,"column":24},"end":{"line":21,"column":2}}]},"1":{"type":"branch","line":23,"loc":{"start":{"line":23,"column":21},"end":{"line":26,"column":57}},"locations":[{"start":{"line":23,"column":21},"end":{"line":26,"column":57}}]}},"b":{"0":[2],"1":[2]},"fnMap":{"0":{"name":"AllTheProviders","decl":{"start":{"line":10,"column":24},"end":{"line":21,"column":2}},"loc":{"start":{"line":10,"column":24},"end":{"line":21,"column":2}},"line":10},"1":{"name":"customRender","decl":{"start":{"line":23,"column":21},"end":{"line":26,"column":57}},"loc":{"start":{"line":23,"column":21},"end":{"line":26,"column":57}},"line":23}},"f":{"0":2,"1":2}}
}
